#
# A fatal error has been detected by the Java Runtime Environment:
#
#  EXCEPTION_ACCESS_VIOLATION (0xc0000005) at pc=0x58e28742, pid=6196, tid=7856
#
# JRE version: Java(TM) SE Runtime Environment (8.0_51-b16) (build 1.8.0_51-b16)
# Java VM: Java HotSpot(TM) Client VM (25.51-b03 mixed mode windows-x86 )
# Problematic frame:
# V  [jvm.dll+0xc8742]
#
# Failed to write core dump. Minidumps are not enabled by default on client versions of Windows
#
# If you would like to submit a bug report, please visit:
#   http://bugreport.java.com/bugreport/crash.jsp
#

---------------  T H R E A D  ---------------

Current thread (0x15052c00):  VMThread [stack: 0x04950000,0x049a0000] [id=7856]

siginfo: ExceptionCode=0xc0000005, reading address 0x00000000

Registers:
EAX=0x14e203d8, EBX=0x15052c00, ECX=0x42e1a758, EDX=0x00000128
ESP=0x0499f390, EBP=0x0499f3f0, ESI=0x00000000, EDI=0x18a78ef8
EIP=0x58e28742, EFLAGS=0x00010216

Top of Stack: (sp=0x0499f390)
0x0499f390:   18a78ef8 42e1a758 15052c00 0499f3dc
0x0499f3a0:   58e2919c 0499f3c8 00000000 14a01120
0x0499f3b0:   46f62030 18a78f30 14e20338 024761a0
0x0499f3c0:   42e1a6e8 00000007 00000000 00000014
0x0499f3d0:   00000000 00000007 42e1a708 0499f438
0x0499f3e0:   58e2a1d6 00000007 02476180 18a78de0
0x0499f3f0:   0499f438 58e2929e 00000128 14e203d8
0x0499f400:   00000000 15052c00 02476180 46f61d30 

Instructions: (pc=0x58e28742)
0x58e28722:   cc cc cc cc cc cc cc cc cc cc cc cc cc cc 55 8b
0x58e28732:   ec 83 ec 54 8b 45 0c 53 56 8b b0 e4 00 00 00 57
0x58e28742:   8b 3e 89 4d fc 8b 0d 30 5e 0b 59 51 89 7d e8 ff
0x58e28752:   15 fc b1 01 59 50 8d 4d ac e8 30 bc 08 00 8b 4d 


Register to memory mapping:

EAX={method} {0x14e203dc} 'andThen' '(Ljava/util/function/Consumer;)Ljava/util/function/Consumer;' in 'java/util/function/Consumer'
EBX=0x15052c00 is an unknown value
ECX=0x42e1a758 is an unknown value
EDX=0x00000128 is an unknown value
ESP=0x0499f390 is an unknown value
EBP=0x0499f3f0 is an unknown value
ESI=0x00000000 is an unknown value
EDI=0x18a78ef8 is pointing into metadata


Stack: [0x04950000,0x049a0000],  sp=0x0499f390,  free space=316k
Native frames: (J=compiled Java code, j=interpreted, Vv=VM code, C=native code)
V  [jvm.dll+0xc8742]
V  [jvm.dll+0xc929e]
V  [jvm.dll+0x126000]
V  [jvm.dll+0x1263b9]
V  [jvm.dll+0x17e37b]
V  [jvm.dll+0x17d791]
V  [jvm.dll+0x17dba7]
V  [jvm.dll+0x17dda2]
V  [jvm.dll+0x1bd7b6]
C  [msvcr100.dll+0x5c556]
C  [msvcr100.dll+0x5c600]
C  [kernel32.dll+0x1337a]
C  [ntdll.dll+0x39882]
C  [ntdll.dll+0x39855]

VM_Operation (0x1586fa24): RedefineClasses, mode: safepoint, requested by thread 0x150a9000


---------------  P R O C E S S  ---------------

Java Threads: ( => current thread )
  0x42d2b400 JavaThread "Thread-15" daemon [_thread_in_native, id=6328, stack(0x47230000,0x47280000)]
  0x42d2ac00 JavaThread "nioEventLoopGroup-2-3" [_thread_in_native, id=6964, stack(0x47420000,0x47470000)]
  0x42d2a400 JavaThread "Thread-14" daemon [_thread_in_native, id=5960, stack(0x47290000,0x472e0000)]
  0x42d2a000 JavaThread "nioEventLoopGroup-2-2" [_thread_blocked, id=8568, stack(0x470b0000,0x47100000)]
  0x42d29800 JavaThread "Thread-13" daemon [_thread_in_native, id=7152, stack(0x47140000,0x47190000)]
  0x42d28c00 JavaThread "nioEventLoopGroup-2-1" [_thread_in_native, id=3684, stack(0x47000000,0x47050000)]
  0x42d28800 JavaThread "Thread-12" daemon [_thread_blocked, id=7920, stack(0x46570000,0x465c0000)]
  0x42d28000 JavaThread "Thread-11" daemon [_thread_in_native, id=7116, stack(0x46d60000,0x46db0000)]
  0x42d27800 JavaThread "Thread-10" daemon [_thread_in_native, id=4480, stack(0x46d00000,0x46d50000)]
  0x17cb3800 JavaThread "Thread-9" daemon [_thread_blocked, id=8948, stack(0x46ba0000,0x46bf0000)]
  0x17cb3000 JavaThread "Thread-8" daemon [_thread_blocked, id=6836, stack(0x46a70000,0x46ac0000)]
  0x17cb2c00 JavaThread "http-nio-8080-exec-10" daemon [_thread_blocked, id=2140, stack(0x46a00000,0x46a50000)]
  0x17cb2400 JavaThread "http-nio-8080-exec-9" daemon [_thread_blocked, id=7408, stack(0x46970000,0x469c0000)]
  0x17cb1800 JavaThread "http-nio-8080-exec-8" daemon [_thread_blocked, id=4412, stack(0x466c0000,0x46710000)]
  0x17cb0c00 JavaThread "executor-Fetch" [_thread_blocked, id=3120, stack(0x465e0000,0x46630000)]
  0x17cb0000 JavaThread "Thread-7" daemon [_thread_in_native, id=7788, stack(0x46420000,0x46470000)]
  0x17f04400 JavaThread "http-nio-8080-exec-7" daemon [_thread_blocked, id=7792, stack(0x46290000,0x462e0000)]
  0x17f05000 JavaThread "http-nio-8080-exec-6" daemon [_thread_blocked, id=6568, stack(0x46210000,0x46260000)]
  0x42b8c000 JavaThread "kafka-scheduler-9" daemon [_thread_blocked, id=5536, stack(0x46090000,0x460e0000)]
  0x42b8b800 JavaThread "kafka-scheduler-8" daemon [_thread_blocked, id=8912, stack(0x45d80000,0x45dd0000)]
  0x42b8b000 JavaThread "kafka-scheduler-7" daemon [_thread_blocked, id=7180, stack(0x45dd0000,0x45e20000)]
  0x42b8ac00 JavaThread "http-nio-8080-exec-5" daemon [_thread_blocked, id=8700, stack(0x43c30000,0x43c80000)]
  0x42b8a400 JavaThread "http-nio-8080-exec-4" daemon [_thread_blocked, id=5584, stack(0x43e80000,0x43ed0000)]
  0x42b8a000 JavaThread "http-nio-8080-exec-3" daemon [_thread_blocked, id=6780, stack(0x43ef0000,0x43f40000)]
  0x42b88c00 JavaThread "http-nio-8080-exec-2" daemon [_thread_blocked, id=7236, stack(0x43c80000,0x43cd0000)]
  0x17f06800 JavaThread "RMI RenewClean-[172.28.14.29:62798]" daemon [_thread_blocked, id=2408, stack(0x42940000,0x42990000)]
  0x17f06400 JavaThread "RMI Scheduler(0)" daemon [_thread_blocked, id=3928, stack(0x429c0000,0x42a10000)]
  0x17f05800 JavaThread "GC Daemon" daemon [_thread_blocked, id=6592, stack(0x416a0000,0x416f0000)]
  0x17f04800 JavaThread "RMI TCP Accept-0" daemon [_thread_in_native, id=9188, stack(0x426c0000,0x42710000)]
  0x17f03c00 JavaThread "RMI TCP Accept-1099" daemon [_thread_in_native, id=4464, stack(0x41890000,0x418e0000)]
  0x17f03800 JavaThread "http-nio-8080-exec-1" daemon [_thread_blocked, id=5036, stack(0x422b0000,0x42300000)]
  0x17e78c00 JavaThread "Controller-149-to-broker-149-send-thread" [_thread_blocked, id=6876, stack(0x42210000,0x42260000)]
  0x17e78400 JavaThread "kafka-request-handler-7" daemon [_thread_blocked, id=2400, stack(0x41dd0000,0x41e20000)]
  0x17e78000 JavaThread "kafka-request-handler-6" daemon [_thread_blocked, id=7752, stack(0x42060000,0x420b0000)]
  0x17e77800 JavaThread "kafka-request-handler-5" daemon [_thread_blocked, id=7532, stack(0x41ef0000,0x41f40000)]
  0x17e77000 JavaThread "kafka-request-handler-4" daemon [_thread_blocked, id=7684, stack(0x41f40000,0x41f90000)]
  0x17e52c00 JavaThread "kafka-request-handler-3" daemon [_thread_blocked, id=6816, stack(0x41c00000,0x41c50000)]
  0x17e52400 JavaThread "kafka-request-handler-2" daemon [_thread_blocked, id=6348, stack(0x41aa0000,0x41af0000)]
  0x17e51c00 JavaThread "kafka-request-handler-1" daemon [_thread_blocked, id=7896, stack(0x41ce0000,0x41d30000)]
  0x17e51800 JavaThread "kafka-request-handler-0" daemon [_thread_blocked, id=3052, stack(0x41b90000,0x41be0000)]
  0x17e51000 JavaThread "ThrottledRequestReaper-Fetch" [_thread_blocked, id=9012, stack(0x41b00000,0x41b50000)]
  0x17da2400 JavaThread "ThrottledRequestReaper-Produce" [_thread_blocked, id=8028, stack(0x41950000,0x419a0000)]
  0x17da1c00 JavaThread "ExpirationReaper-149" [_thread_blocked, id=6172, stack(0x417e0000,0x41830000)]
  0x17da1800 JavaThread "ExpirationReaper-149" [_thread_blocked, id=8704, stack(0x41170000,0x411c0000)]
  0x17da1000 JavaThread "group-metadata-manager-0" daemon [_thread_blocked, id=6756, stack(0x41760000,0x417b0000)]
  0x17da0400 JavaThread "kafka-scheduler-0" daemon [_thread_blocked, id=2396, stack(0x41390000,0x413e0000)]
  0x17d9fc00 JavaThread "kafka-scheduler-6" daemon [_thread_blocked, id=6024, stack(0x41500000,0x41550000)]
  0x17d9f800 JavaThread "kafka-scheduler-5" daemon [_thread_blocked, id=2440, stack(0x413e0000,0x41430000)]
  0x17d9f000 JavaThread "kafka-scheduler-4" daemon [_thread_blocked, id=4996, stack(0x41470000,0x414c0000)]
  0x17d9ec00 JavaThread "kafka-scheduler-3" daemon [_thread_blocked, id=7224, stack(0x40d70000,0x40dc0000)]
  0x17d2c000 JavaThread "metrics-meter-tick-thread-2" daemon [_thread_blocked, id=6512, stack(0x41330000,0x41380000)]
  0x17d2bc00 JavaThread "metrics-meter-tick-thread-1" daemon [_thread_blocked, id=7460, stack(0x41220000,0x41270000)]
  0x17d2b400 JavaThread "ExpirationReaper-149" [_thread_blocked, id=6124, stack(0x41120000,0x41170000)]
  0x17d2b000 JavaThread "ExpirationReaper-149" [_thread_blocked, id=1588, stack(0x410c0000,0x41110000)]
  0x17d2a800 JavaThread "kafka-socket-acceptor-PLAINTEXT-8553" [_thread_in_native, id=7308, stack(0x41000000,0x41050000)]
  0x17d2a000 JavaThread "kafka-network-thread-149-PLAINTEXT-2" [_thread_in_native, id=4016, stack(0x40f30000,0x40f80000)]
  0x17d29c00 JavaThread "kafka-network-thread-149-PLAINTEXT-1" [_thread_in_native, id=6076, stack(0x19d60000,0x19db0000)]
  0x17d29400 JavaThread "kafka-network-thread-149-PLAINTEXT-0" [_thread_in_native, id=7104, stack(0x40ca0000,0x40cf0000)]
  0x17d29000 JavaThread "kafka-scheduler-2" daemon [_thread_blocked, id=4432, stack(0x19af0000,0x19b40000)]
  0x17d28800 JavaThread "kafka-scheduler-1" daemon [_thread_blocked, id=4704, stack(0x19db0000,0x19e00000)]
  0x1668f400 JavaThread "kafka-scheduler-0" daemon [_thread_blocked, id=6444, stack(0x40be0000,0x40c30000)]
  0x1668f000 JavaThread "main-EventThread" daemon [_thread_blocked, id=4436, stack(0x19cf0000,0x19d40000)]
  0x1668e800 JavaThread "main-SendThread(127.0.0.1:8653)" daemon [_thread_in_native, id=8612, stack(0x19b80000,0x19bd0000)]
  0x1668e400 JavaThread "ZkClient-EventThread-32-localhost:8653" daemon [_thread_blocked, id=8444, stack(0x19620000,0x19670000)]
  0x1668dc00 JavaThread "SensorExpiryThread" daemon [_thread_blocked, id=7276, stack(0x19710000,0x19760000)]
  0x1668d800 JavaThread "ProcessThread(sid:0 cport:-1):" [_thread_blocked, id=6200, stack(0x19790000,0x197e0000)]
  0x1668d000 JavaThread "SyncThread:0" [_thread_blocked, id=6488, stack(0x19670000,0x196c0000)]
  0x1668c800 JavaThread "SessionTracker" [_thread_blocked, id=7824, stack(0x192b0000,0x19300000)]
  0x1668c400 JavaThread "NIOServerCxn.Factory:localhost/127.0.0.1:8653" daemon [_thread_in_native, id=8436, stack(0x19400000,0x19450000)]
  0x1668bc00 JavaThread "http-nio-8080-Acceptor-0" daemon [_thread_in_native, id=2328, stack(0x193b0000,0x19400000)]
  0x179b4c00 JavaThread "http-nio-8080-ClientPoller-1" daemon [_thread_in_native, id=7908, stack(0x19450000,0x194a0000)]
  0x165d8000 JavaThread "http-nio-8080-ClientPoller-0" daemon [_thread_blocked, id=6956, stack(0x18b90000,0x18be0000)]
  0x165d5000 JavaThread "NioBlockingSelector.BlockPoller-1" daemon [_thread_in_native, id=4548, stack(0x18ea0000,0x18ef0000)]
  0x1717a800 JavaThread "pool-4-thread-1" [_thread_blocked, id=7108, stack(0x18f40000,0x18f90000)]
  0x172d4000 JavaThread "kafka-producer-network-thread | producer-1" daemon [_thread_in_native, id=9064, stack(0x18d50000,0x18da0000)]
  0x172bf000 JavaThread "container-0" [_thread_blocked, id=4716, stack(0x16af0000,0x16b40000)]
  0x172be800 JavaThread "ContainerBackgroundProcessor[StandardEngine[Tomcat].StandardHost[localhost].StandardContext[]]" daemon [_thread_blocked, id=6496, stack(0x18be0000,0x18c30000)]
  0x162a1800 JavaThread "ReaderThread" [_thread_in_native, id=7732, stack(0x15680000,0x156d0000)]
  0x150bcc00 JavaThread "Service Thread" daemon [_thread_blocked, id=7144, stack(0x157d0000,0x15820000)]
  0x150b7800 JavaThread "C1 CompilerThread0" daemon [_thread_blocked, id=3648, stack(0x15b40000,0x15b90000)]
  0x150b1400 JavaThread "JDWP Command Reader" daemon [_thread_in_native, id=4756, stack(0x15a40000,0x15a90000)]
  0x150afc00 JavaThread "JDWP Event Helper Thread" daemon [_thread_blocked, id=4804, stack(0x15910000,0x15960000)]
  0x150a9000 JavaThread "JDWP Transport Listener: dt_socket" daemon [_thread_blocked, id=4832, stack(0x15820000,0x15870000)]
  0x15099800 JavaThread "Attach Listener" daemon [_thread_blocked, id=7332, stack(0x153b0000,0x15400000)]
  0x150a2800 JavaThread "Signal Dispatcher" daemon [_thread_blocked, id=3932, stack(0x15350000,0x153a0000)]
  0x15060000 JavaThread "Finalizer" daemon [_thread_blocked, id=8164, stack(0x15240000,0x15290000)]
  0x15057800 JavaThread "Reference Handler" daemon [_thread_blocked, id=7444, stack(0x14f50000,0x14fa0000)]
  0x025cf800 JavaThread "main" [_thread_blocked, id=5396, stack(0x00e30000,0x00e80000)]

Other Threads:
=>0x15052c00 VMThread [stack: 0x04950000,0x049a0000] [id=7856]
  0x150bdc00 WatcherThread [stack: 0x15b90000,0x15be0000] [id=9076]

VM state:at safepoint (normal execution)

VM Mutex/Monitor currently owned by a thread:  ([mutex/lock_event])
[0x025ce7e0] Threads_lock - owner thread: 0x15052c00

Heap:
 def new generation   total 25472K, used 19955K [0x04a00000, 0x065a0000, 0x09f50000)
  eden space 22656K,  83% used [0x04a00000, 0x05c8ebb0, 0x06020000)
  from space 2816K,  33% used [0x06020000, 0x0610e1b0, 0x062e0000)
  to   space 2816K,   0% used [0x062e0000, 0x062e0000, 0x065a0000)
 tenured generation   total 56480K, used 45854K [0x09f50000, 0x0d678000, 0x14a00000)
   the space 56480K,  81% used [0x09f50000, 0x0cc17aa0, 0x0cc17c00, 0x0d678000)
 Metaspace       used 40582K, capacity 41052K, committed 41088K, reserved 41344K

Card table byte_map: [0x00540000,0x005d0000] byte_map_base: 0x0051b000

Polling page: 0x00220000

CodeCache: size=32768Kb used=2726Kb max_used=4903Kb free=30041Kb
 bounds [0x028a0000, 0x02d70000, 0x048a0000]
 total_blobs=2079 nmethods=1832 adapters=184
 compilation: enabled

Compilation events (10 events):
Event: 174.808 Thread 0x150b7800 6065             scala.collection.mutable.WrappedArray::<init> (33 bytes)
Event: 174.809 Thread 0x150b7800 nmethod 6065 0x0295cec8 code [0x0295cfc0, 0x0295d05c]
Event: 175.132 Thread 0x150b7800 6066             kafka.network.RequestChannel$Request$$anonfun$updateRequestMetrics$1::<init> (46 bytes)
Event: 175.133 Thread 0x150b7800 nmethod 6066 0x0295cc88 code [0x0295cd80, 0x0295ce60]
Event: 175.133 Thread 0x150b7800 6067   !         sun.nio.ch.IOUtil::write (509 bytes)
Event: 175.134 Thread 0x150b7800 nmethod 6067 0x02944488 code [0x029446c0, 0x02945070]
Event: 175.307 Thread 0x150b7800 6068             scala.collection.immutable.Map$Map2::get (164 bytes)
Event: 175.308 Thread 0x150b7800 nmethod 6068 0x0295c548 code [0x0295c6b0, 0x0295ca78]
Event: 175.532 Thread 0x150b7800 6069             java.nio.channels.spi.AbstractInterruptibleChannel::isOpen (5 bytes)
Event: 175.532 Thread 0x150b7800 nmethod 6069 0x029442c8 code [0x029443c0, 0x02944440]

GC Heap History (10 events):
Event: 66.562 GC heap before
{Heap before GC invocations=121 (full 4):
 def new generation   total 25472K, used 23906K [0x04a00000, 0x065a0000, 0x09f50000)
  eden space 22656K, 100% used [0x04a00000, 0x06020000, 0x06020000)
  from space 2816K,  44% used [0x062e0000, 0x06418908, 0x065a0000)
  to   space 2816K,   0% used [0x06020000, 0x06020000, 0x062e0000)
 tenured generation   total 56480K, used 43970K [0x09f50000, 0x0d678000, 0x14a00000)
   the space 56480K,  77% used [0x09f50000, 0x0ca408e8, 0x0ca40a00, 0x0d678000)
 Metaspace       used 40477K, capacity 40956K, committed 40960K, reserved 41344K
Event: 66.571 GC heap after
Heap after GC invocations=122 (full 4):
 def new generation   total 25472K, used 1513K [0x04a00000, 0x065a0000, 0x09f50000)
  eden space 22656K,   0% used [0x04a00000, 0x04a00000, 0x06020000)
  from space 2816K,  53% used [0x06020000, 0x0619a5e8, 0x062e0000)
  to   space 2816K,   0% used [0x062e0000, 0x062e0000, 0x065a0000)
 tenured generation   total 56480K, used 43970K [0x09f50000, 0x0d678000, 0x14a00000)
   the space 56480K,  77% used [0x09f50000, 0x0ca408e8, 0x0ca40a00, 0x0d678000)
 Metaspace       used 40477K, capacity 40956K, committed 40960K, reserved 41344K
}
Event: 89.522 GC heap before
{Heap before GC invocations=122 (full 4):
 def new generation   total 25472K, used 24169K [0x04a00000, 0x065a0000, 0x09f50000)
  eden space 22656K, 100% used [0x04a00000, 0x06020000, 0x06020000)
  from space 2816K,  53% used [0x06020000, 0x0619a5e8, 0x062e0000)
  to   space 2816K,   0% used [0x062e0000, 0x062e0000, 0x065a0000)
 tenured generation   total 56480K, used 43970K [0x09f50000, 0x0d678000, 0x14a00000)
   the space 56480K,  77% used [0x09f50000, 0x0ca408e8, 0x0ca40a00, 0x0d678000)
 Metaspace       used 40477K, capacity 40956K, committed 40960K, reserved 41344K
Event: 89.531 GC heap after
Heap after GC invocations=123 (full 4):
 def new generation   total 25472K, used 1390K [0x04a00000, 0x065a0000, 0x09f50000)
  eden space 22656K,   0% used [0x04a00000, 0x04a00000, 0x06020000)
  from space 2816K,  49% used [0x062e0000, 0x0643bbe0, 0x065a0000)
  to   space 2816K,   0% used [0x06020000, 0x06020000, 0x062e0000)
 tenured generation   total 56480K, used 44682K [0x09f50000, 0x0d678000, 0x14a00000)
   the space 56480K,  79% used [0x09f50000, 0x0caf2ae0, 0x0caf2c00, 0x0d678000)
 Metaspace       used 40477K, capacity 40956K, committed 40960K, reserved 41344K
}
Event: 110.671 GC heap before
{Heap before GC invocations=123 (full 4):
 def new generation   total 25472K, used 24046K [0x04a00000, 0x065a0000, 0x09f50000)
  eden space 22656K, 100% used [0x04a00000, 0x06020000, 0x06020000)
  from space 2816K,  49% used [0x062e0000, 0x0643bbe0, 0x065a0000)
  to   space 2816K,   0% used [0x06020000, 0x06020000, 0x062e0000)
 tenured generation   total 56480K, used 44682K [0x09f50000, 0x0d678000, 0x14a00000)
   the space 56480K,  79% used [0x09f50000, 0x0caf2ae0, 0x0caf2c00, 0x0d678000)
 Metaspace       used 40555K, capacity 41020K, committed 41088K, reserved 41344K
Event: 110.692 GC heap after
Heap after GC invocations=124 (full 4):
 def new generation   total 25472K, used 1544K [0x04a00000, 0x065a0000, 0x09f50000)
  eden space 22656K,   0% used [0x04a00000, 0x04a00000, 0x06020000)
  from space 2816K,  54% used [0x06020000, 0x061a23e8, 0x062e0000)
  to   space 2816K,   0% used [0x062e0000, 0x062e0000, 0x065a0000)
 tenured generation   total 56480K, used 44682K [0x09f50000, 0x0d678000, 0x14a00000)
   the space 56480K,  79% used [0x09f50000, 0x0caf2ae0, 0x0caf2c00, 0x0d678000)
 Metaspace       used 40555K, capacity 41020K, committed 41088K, reserved 41344K
}
Event: 133.091 GC heap before
{Heap before GC invocations=124 (full 4):
 def new generation   total 25472K, used 24200K [0x04a00000, 0x065a0000, 0x09f50000)
  eden space 22656K, 100% used [0x04a00000, 0x06020000, 0x06020000)
  from space 2816K,  54% used [0x06020000, 0x061a23e8, 0x062e0000)
  to   space 2816K,   0% used [0x062e0000, 0x062e0000, 0x065a0000)
 tenured generation   total 56480K, used 44682K [0x09f50000, 0x0d678000, 0x14a00000)
   the space 56480K,  79% used [0x09f50000, 0x0caf2ae0, 0x0caf2c00, 0x0d678000)
 Metaspace       used 40555K, capacity 41020K, committed 41088K, reserved 41344K
Event: 133.114 GC heap after
Heap after GC invocations=125 (full 4):
 def new generation   total 25472K, used 1729K [0x04a00000, 0x065a0000, 0x09f50000)
  eden space 22656K,   0% used [0x04a00000, 0x04a00000, 0x06020000)
  from space 2816K,  61% used [0x062e0000, 0x064905e0, 0x065a0000)
  to   space 2816K,   0% used [0x06020000, 0x06020000, 0x062e0000)
 tenured generation   total 56480K, used 45109K [0x09f50000, 0x0d678000, 0x14a00000)
   the space 56480K,  79% used [0x09f50000, 0x0cb5d448, 0x0cb5d600, 0x0d678000)
 Metaspace       used 40555K, capacity 41020K, committed 41088K, reserved 41344K
}
Event: 156.280 GC heap before
{Heap before GC invocations=125 (full 4):
 def new generation   total 25472K, used 24385K [0x04a00000, 0x065a0000, 0x09f50000)
  eden space 22656K, 100% used [0x04a00000, 0x06020000, 0x06020000)
  from space 2816K,  61% used [0x062e0000, 0x064905e0, 0x065a0000)
  to   space 2816K,   0% used [0x06020000, 0x06020000, 0x062e0000)
 tenured generation   total 56480K, used 45109K [0x09f50000, 0x0d678000, 0x14a00000)
   the space 56480K,  79% used [0x09f50000, 0x0cb5d448, 0x0cb5d600, 0x0d678000)
 Metaspace       used 40555K, capacity 41020K, committed 41088K, reserved 41344K
Event: 156.302 GC heap after
Heap after GC invocations=126 (full 4):
 def new generation   total 25472K, used 952K [0x04a00000, 0x065a0000, 0x09f50000)
  eden space 22656K,   0% used [0x04a00000, 0x04a00000, 0x06020000)
  from space 2816K,  33% used [0x06020000, 0x0610e1b0, 0x062e0000)
  to   space 2816K,   0% used [0x062e0000, 0x062e0000, 0x065a0000)
 tenured generation   total 56480K, used 45854K [0x09f50000, 0x0d678000, 0x14a00000)
   the space 56480K,  81% used [0x09f50000, 0x0cc17aa0, 0x0cc17c00, 0x0d678000)
 Metaspace       used 40555K, capacity 41020K, committed 41088K, reserved 41344K
}

Deoptimization events (0 events):
No events

Internal exceptions (10 events):
Event: 104.887 Thread 0x42b8a000 Exception <a 'java/io/IOException'> (0x0596b7b0) thrown at [C:\re\workspace\8-2-build-windows-i586-cygwin\jdk8u51\3951\hotspot\src\share\vm\prims\jni.cpp, line 709]
Event: 104.916 Thread 0x42b8a000 Exception <a 'java/io/IOException'> (0x05a5dcb0) thrown at [C:\re\workspace\8-2-build-windows-i586-cygwin\jdk8u51\3951\hotspot\src\share\vm\prims\jni.cpp, line 709]
Event: 106.582 Thread 0x42d29400 Exception <a 'java/io/IOException'> (0x05bf0220) thrown at [C:\re\workspace\8-2-build-windows-i586-cygwin\jdk8u51\3951\hotspot\src\share\vm\prims\jni.cpp, line 709]
Event: 106.586 Thread 0x42d29400 Exception <a 'java/io/IOException'> (0x05bf4bc8) thrown at [C:\re\workspace\8-2-build-windows-i586-cygwin\jdk8u51\3951\hotspot\src\share\vm\prims\jni.cpp, line 709]
Event: 106.589 Thread 0x42b8a400 Exception <a 'java/io/IOException'> (0x05bf5b70) thrown at [C:\re\workspace\8-2-build-windows-i586-cygwin\jdk8u51\3951\hotspot\src\share\vm\prims\jni.cpp, line 709]
Event: 106.597 Thread 0x42b8a400 Exception <a 'java/io/IOException'> (0x05c0b5f8) thrown at [C:\re\workspace\8-2-build-windows-i586-cygwin\jdk8u51\3951\hotspot\src\share\vm\prims\jni.cpp, line 709]
Event: 108.457 Thread 0x42d29400 Exception <a 'java/io/IOException'> (0x05dff798) thrown at [C:\re\workspace\8-2-build-windows-i586-cygwin\jdk8u51\3951\hotspot\src\share\vm\prims\jni.cpp, line 709]
Event: 108.462 Thread 0x42d29400 Exception <a 'java/io/IOException'> (0x05e040f8) thrown at [C:\re\workspace\8-2-build-windows-i586-cygwin\jdk8u51\3951\hotspot\src\share\vm\prims\jni.cpp, line 709]
Event: 108.463 Thread 0x42b8ac00 Exception <a 'java/io/IOException'> (0x05e06f80) thrown at [C:\re\workspace\8-2-build-windows-i586-cygwin\jdk8u51\3951\hotspot\src\share\vm\prims\jni.cpp, line 709]
Event: 108.470 Thread 0x42b8ac00 Exception <a 'java/io/IOException'> (0x05e1a6b0) thrown at [C:\re\workspace\8-2-build-windows-i586-cygwin\jdk8u51\3951\hotspot\src\share\vm\prims\jni.cpp, line 709]

Events (10 events):
Event: 175.533 Thread 0x17cb3800 DEOPT UNPACKING pc=0x028dc5db sp=0x46beec9c mode 1
Event: 175.533 Thread 0x17cb3800 DEOPT PACKING pc=0x02a33860 sp=0x46beee30
Event: 175.533 Thread 0x17cb3800 DEOPT UNPACKING pc=0x028dc5db sp=0x46beed60 mode 1
Event: 175.533 Thread 0x17cb3800 DEOPT PACKING pc=0x02afb670 sp=0x46beeda0
Event: 175.533 Thread 0x17cb3800 DEOPT UNPACKING pc=0x028dc5db sp=0x46beec38 mode 1
Event: 175.533 Thread 0x17cb3800 DEOPT PACKING pc=0x02999f4c sp=0x46beede0
Event: 175.533 Thread 0x17cb3800 DEOPT UNPACKING pc=0x028dc5db sp=0x46beec9c mode 1
Event: 175.533 Thread 0x17cb3800 DEOPT PACKING pc=0x02a33860 sp=0x46beee30
Event: 175.533 Thread 0x17cb3800 DEOPT UNPACKING pc=0x028dc5db sp=0x46beed60 mode 1
Event: 175.573 Executing VM operation: RedefineClasses


Dynamic libraries:
0x00f90000 - 0x00fc3000 	C:\Program Files (x86)\Java\jdk1.8.0_51\bin\javaw.exe
0x77770000 - 0x778f0000 	C:\Windows\SysWOW64\ntdll.dll
0x75a30000 - 0x75b40000 	C:\Windows\syswow64\kernel32.dll
0x755f0000 - 0x75637000 	C:\Windows\syswow64\KERNELBASE.dll
0x75d50000 - 0x75df0000 	C:\Windows\syswow64\ADVAPI32.dll
0x765e0000 - 0x7668c000 	C:\Windows\syswow64\msvcrt.dll
0x76020000 - 0x76039000 	C:\Windows\SysWOW64\sechost.dll
0x76280000 - 0x76370000 	C:\Windows\syswow64\RPCRT4.dll
0x750e0000 - 0x75140000 	C:\Windows\syswow64\SspiCli.dll
0x750d0000 - 0x750dc000 	C:\Windows\syswow64\CRYPTBASE.dll
0x756e0000 - 0x757e0000 	C:\Windows\syswow64\USER32.dll
0x75650000 - 0x756e0000 	C:\Windows\syswow64\GDI32.dll
0x760a0000 - 0x760aa000 	C:\Windows\syswow64\LPK.dll
0x75140000 - 0x751dd000 	C:\Windows\syswow64\USP10.dll
0x6de10000 - 0x6dfae000 	C:\Windows\WinSxS\x86_microsoft.windows.common-controls_6595b64144ccf1df_6.0.7601.18837_none_41e855142bd5705d\COMCTL32.dll
0x75f10000 - 0x75f67000 	C:\Windows\syswow64\SHLWAPI.dll
0x76550000 - 0x765b0000 	C:\Windows\system32\IMM32.DLL
0x75e40000 - 0x75f0c000 	C:\Windows\syswow64\MSCTF.dll
0x59bc0000 - 0x59c7f000 	C:\Program Files (x86)\Java\jdk1.8.0_51\jre\bin\msvcr100.dll
0x58d60000 - 0x59120000 	C:\Program Files (x86)\Java\jdk1.8.0_51\jre\bin\client\jvm.dll
0x6f980000 - 0x6f987000 	C:\Windows\system32\WSOCK32.dll
0x76050000 - 0x76085000 	C:\Windows\syswow64\WS2_32.dll
0x76040000 - 0x76046000 	C:\Windows\syswow64\NSI.dll
0x6fde0000 - 0x6fe12000 	C:\Windows\system32\WINMM.dll
0x74d80000 - 0x74d89000 	C:\Windows\system32\VERSION.dll
0x76370000 - 0x76375000 	C:\Windows\syswow64\PSAPI.DLL
0x71bc0000 - 0x71bcc000 	C:\Program Files (x86)\Java\jdk1.8.0_51\jre\bin\verify.dll
0x59b30000 - 0x59b51000 	C:\Program Files (x86)\Java\jdk1.8.0_51\jre\bin\java.dll
0x582d0000 - 0x582f9000 	C:\Program Files (x86)\Java\jdk1.8.0_51\jre\bin\jdwp.dll
0x6a610000 - 0x6a617000 	C:\Program Files (x86)\Java\jdk1.8.0_51\jre\bin\npt.dll
0x598c0000 - 0x598d3000 	C:\Program Files (x86)\Java\jdk1.8.0_51\jre\bin\zip.dll
0x76690000 - 0x772db000 	C:\Windows\syswow64\SHELL32.dll
0x763f0000 - 0x7654c000 	C:\Windows\syswow64\ole32.dll
0x75820000 - 0x7582b000 	C:\Windows\syswow64\profapi.dll
0x69ca0000 - 0x69ca8000 	C:\Program Files (x86)\Java\jdk1.8.0_51\jre\bin\dt_socket.dll
0x72f40000 - 0x72f50000 	C:\Windows\system32\NLAapi.dll
0x72f30000 - 0x72f40000 	C:\Windows\system32\napinsp.dll
0x72f10000 - 0x72f22000 	C:\Windows\system32\pnrpnsp.dll
0x749b0000 - 0x749ec000 	C:\Windows\System32\mswsock.dll
0x74420000 - 0x74464000 	C:\Windows\system32\DNSAPI.dll
0x72f00000 - 0x72f08000 	C:\Windows\System32\winrnr.dll
0x72ef0000 - 0x72efd000 	C:\Windows\system32\wshbth.dll
0x74750000 - 0x7476c000 	C:\Windows\system32\IPHLPAPI.DLL
0x74740000 - 0x74747000 	C:\Windows\system32\WINNSI.DLL
0x746d0000 - 0x74708000 	C:\Windows\System32\fwpuclnt.dll
0x74410000 - 0x74416000 	C:\Windows\system32\rasadhlp.dll
0x749a0000 - 0x749a5000 	C:\Windows\System32\wshtcpip.dll
0x59120000 - 0x59135000 	C:\Program Files (x86)\Java\jdk1.8.0_51\jre\bin\net.dll
0x74770000 - 0x74776000 	C:\Windows\System32\wship6.dll
0x556f0000 - 0x556fa000 	C:\Program Files (x86)\Java\jdk1.8.0_51\jre\bin\management.dll
0x56420000 - 0x5642f000 	C:\Program Files (x86)\Java\jdk1.8.0_51\jre\bin\nio.dll
0x74980000 - 0x74997000 	C:\Windows\system32\CRYPTSP.dll
0x74940000 - 0x7497b000 	C:\Windows\system32\rsaenh.dll
0x75d30000 - 0x75d47000 	C:\Windows\syswow64\USERENV.dll
0x74710000 - 0x7471d000 	C:\Windows\system32\dhcpcsvc6.DLL
0x74720000 - 0x74732000 	C:\Windows\system32\dhcpcsvc.DLL
0x749f0000 - 0x74adb000 	C:\Windows\system32\dbghelp.dll

VM Arguments:
jvm_args: -agentlib:jdwp=transport=dt_socket,suspend=y,address=localhost:62731 -Dfile.encoding=Cp1252 
java_command: org.eclipse.jdt.internal.junit.runner.RemoteTestRunner -version 3 -port 62730 -testLoaderClass org.eclipse.jdt.internal.junit4.runner.JUnit4TestLoader -loaderpluginname org.eclipse.jdt.junit4.runtime -classNames net.oneandone.reactive.kafka.rest.KafkaResourceTest
java_class_path (initial): C:\dev\workspace\reactive2\reactive-kafka-example\target\test-classes;C:\dev\workspace\reactive2\reactive-kafka-example\target\classes;C:\Users\grro\.m2\repository\javax\validation\validation-api\1.1.0.Final\validation-api-1.1.0.Final.jar;C:\Users\grro\.m2\repository\javax\ws\rs\javax.ws.rs-api\2.0.1\javax.ws.rs-api-2.0.1.jar;C:\Users\grro\.m2\repository\javax\annotation\javax.annotation-api\1.2\javax.annotation-api-1.2.jar;C:\Users\grro\.m2\repository\javax\mail\mail\1.5.0-b01\mail-1.5.0-b01.jar;C:\Users\grro\.m2\repository\javax\activation\activation\1.1.1\activation-1.1.1.jar;C:\Users\grro\.m2\repository\org\springframework\boot\spring-boot-starter-actuator\1.3.0.RELEASE\spring-boot-starter-actuator-1.3.0.RELEASE.jar;C:\Users\grro\.m2\repository\org\springframework\boot\spring-boot-starter\1.3.0.RELEASE\spring-boot-starter-1.3.0.RELEASE.jar;C:\Users\grro\.m2\repository\org\springframework\boot\spring-boot\1.3.0.RELEASE\spring-boot-1.3.0.RELEASE.jar;C:\Users\grro\.m2\repository\org\springframework\spring-core\4.2.3.RELEASE\spring-core-4.2.3.RELEASE.jar;C:\Users\grro\.m2\repository\org\springframework\spring-context\4.2.3.RELEASE\spring-context-4.2.3.RELEASE.jar;C:\Users\grro\.m2\repository\org\springframework\spring-aop\4.2.3.RELEASE\spring-aop-4.2.3.RELEASE.jar;C:\Users\grro\.m2\repository\aopalliance\aopalliance\1.0\aopalliance-1.0.jar;C:\Users\grro\.m2\repository\org\springframework\spring-beans\4.2.3.RELEASE\spring-beans-4.2.3.RELEASE.jar;C:\Users\grro\.m2\repository\org\springframework\spring-expression\4.2.3.RELEASE\spring-expression-4.2.3.RELEASE.jar;C:\Users\grro\.m2\repository\org\springframework\boot\spring-boot-autoconfigure\1.3.0.RELEASE\spring-boot-autoconfigure-1.3.0.RELEASE.jar;C:\Users\grro\.m2\repository\org\springframework\boot\spring-boot-starter-logging\1.3.0.RELEASE\spring-boot-starter-logging-1.3.0.RELEASE.jar;C:\Users\grro\.m2\repository\ch\qos\logback\logback-classic\1.1.2\logback-classic-1.1.2.jar;C:\Users\grro
Launcher Type: SUN_STANDARD

Environment Variables:
JAVA_HOME=C:\Program Files (x86)\Java\jdk1.8.0_51
PATH=C:\Program Files (x86)\Java\jdk1.8.0_51\jre\bin;C:/Program Files (x86)/Java/jdk1.8.0_51/bin/../jre/bin/client;C:/Program Files (x86)/Java/jdk1.8.0_51/bin/../jre/bin;C:/Program Files (x86)/Java/jdk1.8.0_51/bin/../jre/lib/i386;C:\Program Files (x86)\Java\jdk1.8.0_51\bin;C:\ProgramData\Oracle\Java\javapath;C:\Program Files\Java\jre1.8.0_40\bin;C:\Python27\;C:\Program Files\SlikSvn\bin;C:\Program Files\ImageMagick-6.8.8-Q16;C:\Program Files (x86)\Intel\iCLS Client\;C:\Program Files\Intel\iCLS Client\;C:\Windows\system32;C:\Windows;C:\Windows\System32\Wbem;C:\Windows\System32\WindowsPowerShell\v1.0\;C:\Windows\SysWOW64\Empirum;C:\Program Files\Lenovo\Bluetooth Software\;C:\Program Files\Lenovo\Bluetooth Software\syswow64;C:\Program Files (x86)\Intel\OpenCL SDK\2.0\bin\x86;C:\Program Files (x86)\Intel\OpenCL SDK\2.0\bin\x64;C:\Program Files\Intel\Intel(R) Management Engine Components\DAL;C:\Program Files\Intel\Intel(R) Management Engine Components\IPT;C:\Program Files (x86)\Intel\Intel(R) Management Engine Components\DAL;C:\Program Files (x86)\Intel\Intel(R) Management Engine Components\IPT;C:\Program Files\Intel\WiFi\bin\;C:\Program Files\Common Files\Intel\WirelessCommon\;C:\Tools\apache-maven-3.2.5\bin;C:\cygwin\bin;C:\Python26;C:\Tools\GSC\Scripts;C:\cygwin\bin;C:\Program Files (x86)\PuTTY;C:\Program Files (x86)\scala\\bin;C:\Program Files (x86)\sbt\\bin;C:\java\apache-cassandra-2.0.6\bin;C:\cygwin64\bin;C:\Program Files (x86)\Git\cmd;C:\Program Files\TortoiseSVN\bin;C:\Program Files (x86)\MySQL\MySQL Fabric 1.5 & MySQL Utilities 1.5\;C:\Program Files (x86)\MySQL\MySQL Fabric 1.5 & MySQL Utilities 1.5\Doctrine extensions for PHP\;C:\Program Files\TortoiseGit\bin;C:\eclipse;
USERNAME=grro
OS=Windows_NT
PROCESSOR_IDENTIFIER=Intel64 Family 6 Model 58 Stepping 9, GenuineIntel



---------------  S Y S T E M  ---------------

OS: Windows 7 , 64 bit Build 7601 (6.1.7601.19045)

CPU:total 4 (2 cores per cpu, 2 threads per core) family 6 model 58 stepping 9, cmov, cx8, fxsr, mmx, sse, sse2, sse3, ssse3, sse4.1, sse4.2, popcnt, avx, aes, clmul, erms, ht, tsc, tscinvbit, tscinv

Memory: 4k page, physical 8258980k(4391400k free), swap 16516124k(12130736k free)

vm_info: Java HotSpot(TM) Client VM (25.51-b03) for windows-x86 JRE (1.8.0_51-b16), built on Jun  8 2015 18:00:23 by "java_re" with MS VC++ 10.0 (VS2010)

time: Fri Dec 11 08:48:33 2015
elapsed time: 175 seconds (0d 0h 2m 55s)

