#
# A fatal error has been detected by the Java Runtime Environment:
#
#  EXCEPTION_ACCESS_VIOLATION (0xc0000005) at pc=0x50733b43, pid=7552, tid=8348
#
# JRE version: Java(TM) SE Runtime Environment (8.0_51-b16) (build 1.8.0_51-b16)
# Java VM: Java HotSpot(TM) Client VM (25.51-b03 mixed mode windows-x86 )
# Problematic frame:
# V  [jvm.dll+0x113b43]
#
# Failed to write core dump. Minidumps are not enabled by default on client versions of Windows
#
# If you would like to submit a bug report, please visit:
#   http://bugreport.java.com/bugreport/crash.jsp
#

---------------  T H R E A D  ---------------

Current thread (0x14ea7400):  JavaThread "JDWP Transport Listener: dt_socket" daemon [_thread_in_vm, id=8348, stack(0x15760000,0x157b0000)]

siginfo: ExceptionCode=0xc0000005, writing address 0x6a503730

Registers:
EAX=0x3d53082c, EBX=0x0000000b, ECX=0x17481510, EDX=0x14c20888
ESP=0x157af6f4, EBP=0x157af720, ESI=0x0000000b, EDI=0x3cc6b3f0
EIP=0x50733b43, EFLAGS=0x00010202

Top of Stack: (sp=0x157af6f4)
0x157af6f4:   022ef028 0c260818 14ea7400 14ea7400
0x157af704:   14ea3c40 14ea03d0 14ea03d8 14ea04c4
0x157af714:   000000ec 157af980 14c20888 157af754
0x157af724:   50841fde 17481510 157af77c 157af778
0x157af734:   157af7dc 00000000 162c4974 14ea7400
0x157af744:   00000000 00000000 00000000 14ea7400
0x157af754:   157af780 50b7449d 022ef028 162c4974
0x157af764:   157af77c 157af778 157af79c 157af7d8 

Instructions: (pc=0x50733b43)
0x50733b23:   00 00 00 8b 8f e4 00 00 00 8b 44 b2 04 8b 4c b1
0x50733b33:   04 89 45 fc e8 44 52 f5 ff 8b 4d 08 8b 55 fc 46
0x50733b43:   89 04 91 3b f3 7c d6 eb 1e 85 db 7e 1a 8b 87 e4
0x50733b53:   00 00 00 8b 4c b0 04 e8 21 52 f5 ff 8b 4d 08 89 


Register to memory mapping:

EAX=0x3d53082c is an unknown value
EBX=0x0000000b is an unknown value
ECX=0x17481510 is an unknown value
EDX={method} {0x14c2088c} 'and' '(Ljava/util/function/Predicate;)Ljava/util/function/Predicate;' in 'java/util/function/Predicate'
ESP=0x157af6f4 is pointing into the stack for thread: 0x14ea7400
EBP=0x157af720 is pointing into the stack for thread: 0x14ea7400
ESI=0x0000000b is an unknown value
EDI=0x3cc6b3f0 is pointing into metadata


Stack: [0x15760000,0x157b0000],  sp=0x157af6f4,  free space=317k
Native frames: (J=compiled Java code, j=interpreted, Vv=VM code, C=native code)
V  [jvm.dll+0x113b43]
V  [jvm.dll+0x221fde]
C  [jdwp.dll+0x449d]
C  [jdwp.dll+0x451e]
C  0x6e6f646e


---------------  P R O C E S S  ---------------

Java Threads: ( => current thread )
  0x16f42000 JavaThread "http-nio-8080-exec-5" daemon [_thread_blocked, id=2164, stack(0x3e5e0000,0x3e630000)]
  0x16f41c00 JavaThread "Thread-7" daemon [_thread_in_native, id=3500, stack(0x3e770000,0x3e7c0000)]
  0x17c12000 JavaThread "http-nio-8080-exec-4" daemon [_thread_blocked, id=7592, stack(0x3e700000,0x3e750000)]
  0x16f41400 JavaThread "executor-Fetch" [_thread_blocked, id=7236, stack(0x3d380000,0x3d3d0000)]
  0x16f40800 JavaThread "ForkJoinPool.commonPool-worker-3" daemon [_thread_blocked, id=8264, stack(0x3d2d0000,0x3d320000)]
  0x16f40400 JavaThread "ForkJoinPool.commonPool-worker-2" daemon [_thread_blocked, id=7628, stack(0x3d4b0000,0x3d500000)]
  0x17c15800 JavaThread "pool-10-thread-1" [_thread_blocked, id=8484, stack(0x3d3d0000,0x3d420000)]
  0x17c15000 JavaThread "ForkJoinPool.commonPool-worker-1" daemon [_thread_blocked, id=7292, stack(0x3d250000,0x3d2a0000)]
  0x17c14c00 JavaThread "Thread-6" daemon [_thread_in_native, id=1344, stack(0x3d330000,0x3d380000)]
  0x17c14400 JavaThread "http-nio-8080-exec-3" daemon [_thread_blocked, id=8216, stack(0x3d0b0000,0x3d100000)]
  0x17c13c00 JavaThread "http-nio-8080-exec-2" daemon [_thread_blocked, id=8128, stack(0x3d060000,0x3d0b0000)]
  0x17c13800 JavaThread "kafka-scheduler-9" daemon [_thread_blocked, id=8224, stack(0x3d110000,0x3d160000)]
  0x17c13000 JavaThread "kafka-scheduler-8" daemon [_thread_blocked, id=4000, stack(0x3c4c0000,0x3c510000)]
  0x17c12c00 JavaThread "kafka-scheduler-7" daemon [_thread_blocked, id=8576, stack(0x3cd90000,0x3cde0000)]
  0x17c12400 JavaThread "http-nio-8080-exec-1" daemon [_thread_blocked, id=8932, stack(0x3ca00000,0x3ca50000)]
  0x17a41c00 JavaThread "Controller-149-to-broker-149-send-thread" [_thread_blocked, id=2464, stack(0x3c5a0000,0x3c5f0000)]
  0x17a41400 JavaThread "kafka-request-handler-7" daemon [_thread_blocked, id=1148, stack(0x3c250000,0x3c2a0000)]
  0x17a40c00 JavaThread "kafka-request-handler-6" daemon [_thread_blocked, id=2148, stack(0x3c370000,0x3c3c0000)]
  0x17a40800 JavaThread "kafka-request-handler-5" daemon [_thread_blocked, id=6728, stack(0x3c320000,0x3c370000)]
  0x17a40000 JavaThread "kafka-request-handler-4" daemon [_thread_blocked, id=7716, stack(0x3c0a0000,0x3c0f0000)]
  0x17a3fc00 JavaThread "kafka-request-handler-3" daemon [_thread_blocked, id=9192, stack(0x3c180000,0x3c1d0000)]
  0x17a3f400 JavaThread "kafka-request-handler-2" daemon [_thread_blocked, id=2248, stack(0x3bee0000,0x3bf30000)]
  0x17a3f000 JavaThread "kafka-request-handler-1" daemon [_thread_blocked, id=6060, stack(0x3bf80000,0x3bfd0000)]
  0x17a3e800 JavaThread "kafka-request-handler-0" daemon [_thread_blocked, id=9100, stack(0x3bda0000,0x3bdf0000)]
  0x17a3e000 JavaThread "ThrottledRequestReaper-Fetch" [_thread_blocked, id=5244, stack(0x3ba90000,0x3bae0000)]
  0x17ab3800 JavaThread "ThrottledRequestReaper-Produce" [_thread_blocked, id=8916, stack(0x3bb30000,0x3bb80000)]
  0x17ab2c00 JavaThread "ExpirationReaper-149" [_thread_blocked, id=9184, stack(0x3bd10000,0x3bd60000)]
  0x17ab2400 JavaThread "ExpirationReaper-149" [_thread_blocked, id=5112, stack(0x3bc70000,0x3bcc0000)]
  0x17ab2000 JavaThread "group-metadata-manager-0" daemon [_thread_blocked, id=9048, stack(0x3ba40000,0x3ba90000)]
  0x17a3d400 JavaThread "kafka-scheduler-0" daemon [_thread_blocked, id=4812, stack(0x3b7e0000,0x3b830000)]
  0x17a3c800 JavaThread "kafka-scheduler-5" daemon [_thread_blocked, id=1216, stack(0x3b760000,0x3b7b0000)]
  0x17a3c000 JavaThread "kafka-scheduler-6" daemon [_thread_blocked, id=3984, stack(0x3b5a0000,0x3b5f0000)]
  0x17a3bc00 JavaThread "kafka-scheduler-4" daemon [_thread_blocked, id=8288, stack(0x3b6d0000,0x3b720000)]
  0x17a3b400 JavaThread "kafka-scheduler-3" daemon [_thread_blocked, id=4664, stack(0x19bd0000,0x19c20000)]
  0x17a3b000 JavaThread "metrics-meter-tick-thread-2" daemon [_thread_blocked, id=6844, stack(0x3b520000,0x3b570000)]
  0x17a3a800 JavaThread "metrics-meter-tick-thread-1" daemon [_thread_blocked, id=4104, stack(0x3b420000,0x3b470000)]
  0x17a3a000 JavaThread "ExpirationReaper-149" [_thread_blocked, id=2372, stack(0x3b080000,0x3b0d0000)]
  0x17993c00 JavaThread "ExpirationReaper-149" [_thread_blocked, id=7252, stack(0x18e70000,0x18ec0000)]
  0x17993400 JavaThread "kafka-socket-acceptor-PLAINTEXT-8553" [_thread_in_native, id=7268, stack(0x3b1a0000,0x3b1f0000)]
  0x17992c00 JavaThread "kafka-network-thread-149-PLAINTEXT-2" [_thread_in_native, id=8972, stack(0x3b220000,0x3b270000)]
  0x17992800 JavaThread "kafka-network-thread-149-PLAINTEXT-1" [_thread_in_native, id=6488, stack(0x3b030000,0x3b080000)]
  0x17992000 JavaThread "kafka-network-thread-149-PLAINTEXT-0" [_thread_in_native, id=5048, stack(0x19200000,0x19250000)]
  0x17991c00 JavaThread "kafka-scheduler-2" daemon [_thread_blocked, id=7248, stack(0x19950000,0x199a0000)]
  0x17991400 JavaThread "kafka-scheduler-1" daemon [_thread_blocked, id=8880, stack(0x19ce0000,0x19d30000)]
  0x17991000 JavaThread "kafka-scheduler-0" daemon [_thread_blocked, id=732, stack(0x19c80000,0x19cd0000)]
  0x17990800 JavaThread "main-EventThread" daemon [_thread_blocked, id=8456, stack(0x199b0000,0x19a00000)]
  0x17990000 JavaThread "main-SendThread(127.0.0.1:8653)" daemon [_thread_in_native, id=5812, stack(0x19450000,0x194a0000)]
  0x175f6000 JavaThread "ZkClient-EventThread-31-localhost:8653" daemon [_thread_blocked, id=5748, stack(0x193b0000,0x19400000)]
  0x175f5c00 JavaThread "SensorExpiryThread" daemon [_thread_blocked, id=6964, stack(0x19780000,0x197d0000)]
  0x175f5000 JavaThread "ProcessThread(sid:0 cport:-1):" [_thread_blocked, id=1080, stack(0x19500000,0x19550000)]
  0x175f4800 JavaThread "SyncThread:0" [_thread_blocked, id=7720, stack(0x19400000,0x19450000)]
  0x175f4400 JavaThread "SessionTracker" [_thread_blocked, id=8852, stack(0x18ed0000,0x18f20000)]
  0x175f3c00 JavaThread "NIOServerCxn.Factory:localhost/127.0.0.1:8653" daemon [_thread_in_native, id=3548, stack(0x192f0000,0x19340000)]
  0x175f3400 JavaThread "http-nio-8080-Acceptor-0" daemon [_thread_in_native, id=3940, stack(0x19070000,0x190c0000)]
  0x175f3000 JavaThread "http-nio-8080-ClientPoller-1" daemon [_thread_in_native, id=8640, stack(0x18e10000,0x18e60000)]
  0x1713b000 JavaThread "http-nio-8080-ClientPoller-0" daemon [_thread_in_native, id=8636, stack(0x18f90000,0x18fe0000)]
  0x1712f800 JavaThread "NioBlockingSelector.BlockPoller-1" daemon [_thread_in_native, id=4888, stack(0x18f20000,0x18f70000)]
  0x17739800 JavaThread "kafka-producer-network-thread | producer-1" daemon [_thread_in_native, id=6984, stack(0x18c40000,0x18c90000)]
  0x17674400 JavaThread "container-0" [_thread_blocked, id=5996, stack(0x188d0000,0x18920000)]
  0x17672800 JavaThread "ContainerBackgroundProcessor[StandardEngine[Tomcat].StandardHost[localhost].StandardContext[]]" daemon [_thread_blocked, id=8036, stack(0x18750000,0x187a0000)]
  0x1611dc00 JavaThread "ReaderThread" [_thread_in_native, id=8860, stack(0x16730000,0x16780000)]
  0x14eb9000 JavaThread "Service Thread" daemon [_thread_blocked, id=8612, stack(0x15a40000,0x15a90000)]
  0x14eb4000 JavaThread "C1 CompilerThread0" daemon [_thread_blocked, id=1928, stack(0x15710000,0x15760000)]
  0x14eab800 JavaThread "JDWP Command Reader" daemon [_thread_in_native, id=7532, stack(0x159c0000,0x15a10000)]
  0x14eaa400 JavaThread "JDWP Event Helper Thread" daemon [_thread_blocked, id=1844, stack(0x15900000,0x15950000)]
=>0x14ea7400 JavaThread "JDWP Transport Listener: dt_socket" daemon [_thread_in_vm, id=8348, stack(0x15760000,0x157b0000)]
  0x14e95400 JavaThread "Attach Listener" daemon [_thread_blocked, id=3552, stack(0x15440000,0x15490000)]
  0x14e92800 JavaThread "Signal Dispatcher" daemon [_thread_blocked, id=7584, stack(0x15340000,0x15390000)]
  0x14e5c400 JavaThread "Finalizer" daemon [_thread_blocked, id=8516, stack(0x15040000,0x15090000)]
  0x14e57800 JavaThread "Reference Handler" daemon [_thread_blocked, id=4336, stack(0x15170000,0x151c0000)]
  0x022f4400 JavaThread "main" [_thread_blocked, id=4644, stack(0x02190000,0x021e0000)]

Other Threads:
  0x14e52c00 VMThread [stack: 0x14d40000,0x14d90000] [id=8940]
  0x14eba000 WatcherThread [stack: 0x157c0000,0x15810000] [id=3512]

VM state:not at safepoint (normal execution)

VM Mutex/Monitor currently owned by a thread: None

Heap:
 def new generation   total 24960K, used 11214K [0x04800000, 0x06310000, 0x09d50000)
  eden space 22208K,  42% used [0x04800000, 0x051329f8, 0x05db0000)
  from space 2752K,  65% used [0x05db0000, 0x05f711c8, 0x06060000)
  to   space 2752K,   0% used [0x06060000, 0x06060000, 0x06310000)
 tenured generation   total 55296K, used 39843K [0x09d50000, 0x0d350000, 0x14800000)
   the space 55296K,  72% used [0x09d50000, 0x0c438da0, 0x0c438e00, 0x0d350000)
 Metaspace       used 38074K, capacity 38489K, committed 38656K, reserved 39296K

Card table byte_map: [0x046a0000,0x04730000] byte_map_base: 0x0467c000

Polling page: 0x00270000

CodeCache: size=32768Kb used=1760Kb max_used=5042Kb free=31007Kb
 bounds [0x026a0000, 0x02b90000, 0x046a0000]
 total_blobs=1250 nmethods=1008 adapters=180
 compilation: enabled

Compilation events (10 events):
Event: 351.088 Thread 0x14eb4000 5238             org.apache.kafka.common.metrics.stats.Rate$SampledTotal::update (11 bytes)
Event: 351.088 Thread 0x14eb4000 nmethod 5238 0x02799608 code [0x02799700, 0x027997a0]
Event: 351.418 Thread 0x14eb4000 5239             java.nio.DirectByteBuffer::address (5 bytes)
Event: 351.418 Thread 0x14eb4000 nmethod 5239 0x02958648 code [0x02958740, 0x029587c0]
Event: 351.466 Thread 0x14eb4000 5240             scala.collection.generic.Growable$$anonfun$$plus$plus$eq$1::apply (6 bytes)
Event: 351.466 Thread 0x14eb4000 nmethod 5240 0x027a0d08 code [0x027a0e10, 0x027a0ebc]
Event: 351.466 Thread 0x14eb4000 5241             scala.collection.generic.Growable$$anonfun$$plus$plus$eq$1::apply (11 bytes)
Event: 351.466 Thread 0x14eb4000 nmethod 5241 0x027993c8 code [0x027994d0, 0x0279957c]
Event: 351.468 Thread 0x14eb4000 5242             java.nio.Bits::getLong (18 bytes)
Event: 351.468 Thread 0x14eb4000 nmethod 5242 0x02799188 code [0x02799290, 0x02799348]

GC Heap History (10 events):
Event: 37.546 GC heap before
{Heap before GC invocations=117 (full 4):
 def new generation   total 24960K, used 21845K [0x04800000, 0x06310000, 0x09d50000)
  eden space 22208K,  94% used [0x04800000, 0x05c6c450, 0x05db0000)
  from space 2752K,  33% used [0x06060000, 0x06149220, 0x06310000)
  to   space 2752K,   0% used [0x05db0000, 0x05db0000, 0x06060000)
 tenured generation   total 55296K, used 38929K [0x09d50000, 0x0d350000, 0x14800000)
   the space 55296K,  70% used [0x09d50000, 0x0c354668, 0x0c354800, 0x0d350000)
 Metaspace       used 37466K, capacity 37858K, committed 38016K, reserved 38272K
Event: 37.551 GC heap after
Heap after GC invocations=118 (full 4):
 def new generation   total 24960K, used 718K [0x04800000, 0x06310000, 0x09d50000)
  eden space 22208K,   0% used [0x04800000, 0x04800000, 0x05db0000)
  from space 2752K,  26% used [0x05db0000, 0x05e63bc0, 0x06060000)
  to   space 2752K,   0% used [0x06060000, 0x06060000, 0x06310000)
 tenured generation   total 55296K, used 39142K [0x09d50000, 0x0d350000, 0x14800000)
   the space 55296K,  70% used [0x09d50000, 0x0c3898c8, 0x0c389a00, 0x0d350000)
 Metaspace       used 37466K, capacity 37858K, committed 38016K, reserved 38272K
}
Event: 38.197 GC heap before
{Heap before GC invocations=118 (full 4):
 def new generation   total 24960K, used 22926K [0x04800000, 0x06310000, 0x09d50000)
  eden space 22208K, 100% used [0x04800000, 0x05db0000, 0x05db0000)
  from space 2752K,  26% used [0x05db0000, 0x05e63bc0, 0x06060000)
  to   space 2752K,   0% used [0x06060000, 0x06060000, 0x06310000)
 tenured generation   total 55296K, used 39142K [0x09d50000, 0x0d350000, 0x14800000)
   the space 55296K,  70% used [0x09d50000, 0x0c3898c8, 0x0c389a00, 0x0d350000)
 Metaspace       used 37762K, capacity 38151K, committed 38272K, reserved 38272K
Event: 38.203 GC heap after
Heap after GC invocations=119 (full 4):
 def new generation   total 24960K, used 841K [0x04800000, 0x06310000, 0x09d50000)
  eden space 22208K,   0% used [0x04800000, 0x04800000, 0x05db0000)
  from space 2752K,  30% used [0x06060000, 0x061326a8, 0x06310000)
  to   space 2752K,   0% used [0x05db0000, 0x05db0000, 0x06060000)
 tenured generation   total 55296K, used 39455K [0x09d50000, 0x0d350000, 0x14800000)
   the space 55296K,  71% used [0x09d50000, 0x0c3d7fa8, 0x0c3d8000, 0x0d350000)
 Metaspace       used 37762K, capacity 38151K, committed 38272K, reserved 38272K
}
Event: 152.915 GC heap before
{Heap before GC invocations=119 (full 4):
 def new generation   total 24960K, used 23049K [0x04800000, 0x06310000, 0x09d50000)
  eden space 22208K, 100% used [0x04800000, 0x05db0000, 0x05db0000)
  from space 2752K,  30% used [0x06060000, 0x061326a8, 0x06310000)
  to   space 2752K,   0% used [0x05db0000, 0x05db0000, 0x06060000)
 tenured generation   total 55296K, used 39455K [0x09d50000, 0x0d350000, 0x14800000)
   the space 55296K,  71% used [0x09d50000, 0x0c3d7fa8, 0x0c3d8000, 0x0d350000)
 Metaspace       used 37901K, capacity 38314K, committed 38400K, reserved 39296K
Event: 152.927 GC heap after
Heap after GC invocations=120 (full 4):
 def new generation   total 24960K, used 870K [0x04800000, 0x06310000, 0x09d50000)
  eden space 22208K,   0% used [0x04800000, 0x04800000, 0x05db0000)
  from space 2752K,  31% used [0x05db0000, 0x05e89b40, 0x06060000)
  to   space 2752K,   0% used [0x06060000, 0x06060000, 0x06310000)
 tenured generation   total 55296K, used 39817K [0x09d50000, 0x0d350000, 0x14800000)
   the space 55296K,  72% used [0x09d50000, 0x0c4326b0, 0x0c432800, 0x0d350000)
 Metaspace       used 37901K, capacity 38314K, committed 38400K, reserved 39296K
}
Event: 230.386 GC heap before
{Heap before GC invocations=120 (full 4):
 def new generation   total 24960K, used 23078K [0x04800000, 0x06310000, 0x09d50000)
  eden space 22208K, 100% used [0x04800000, 0x05db0000, 0x05db0000)
  from space 2752K,  31% used [0x05db0000, 0x05e89b40, 0x06060000)
  to   space 2752K,   0% used [0x06060000, 0x06060000, 0x06310000)
 tenured generation   total 55296K, used 39817K [0x09d50000, 0x0d350000, 0x14800000)
   the space 55296K,  72% used [0x09d50000, 0x0c4326b0, 0x0c432800, 0x0d350000)
 Metaspace       used 37969K, capacity 38393K, committed 38528K, reserved 39296K
Event: 230.394 GC heap after
Heap after GC invocations=121 (full 4):
 def new generation   total 24960K, used 1328K [0x04800000, 0x06310000, 0x09d50000)
  eden space 22208K,   0% used [0x04800000, 0x04800000, 0x05db0000)
  from space 2752K,  48% used [0x06060000, 0x061ac210, 0x06310000)
  to   space 2752K,   0% used [0x05db0000, 0x05db0000, 0x06060000)
 tenured generation   total 55296K, used 39825K [0x09d50000, 0x0d350000, 0x14800000)
   the space 55296K,  72% used [0x09d50000, 0x0c434658, 0x0c434800, 0x0d350000)
 Metaspace       used 37969K, capacity 38393K, committed 38528K, reserved 39296K
}
Event: 317.600 GC heap before
{Heap before GC invocations=121 (full 4):
 def new generation   total 24960K, used 23536K [0x04800000, 0x06310000, 0x09d50000)
  eden space 22208K, 100% used [0x04800000, 0x05db0000, 0x05db0000)
  from space 2752K,  48% used [0x06060000, 0x061ac210, 0x06310000)
  to   space 2752K,   0% used [0x05db0000, 0x05db0000, 0x06060000)
 tenured generation   total 55296K, used 39825K [0x09d50000, 0x0d350000, 0x14800000)
   the space 55296K,  72% used [0x09d50000, 0x0c434658, 0x0c434800, 0x0d350000)
 Metaspace       used 38035K, capacity 38457K, committed 38528K, reserved 39296K
Event: 317.620 GC heap after
Heap after GC invocations=122 (full 4):
 def new generation   total 24960K, used 1796K [0x04800000, 0x06310000, 0x09d50000)
  eden space 22208K,   0% used [0x04800000, 0x04800000, 0x05db0000)
  from space 2752K,  65% used [0x05db0000, 0x05f711c8, 0x06060000)
  to   space 2752K,   0% used [0x06060000, 0x06060000, 0x06310000)
 tenured generation   total 55296K, used 39843K [0x09d50000, 0x0d350000, 0x14800000)
   the space 55296K,  72% used [0x09d50000, 0x0c438da0, 0x0c438e00, 0x0d350000)
 Metaspace       used 38035K, capacity 38457K, committed 38528K, reserved 39296K
}

Deoptimization events (0 events):
No events

Internal exceptions (10 events):
Event: 36.311 Thread 0x17c14400 Exception <a 'java/lang/NoSuchMethodError': java.lang.Object.lambda$2(Ljava/lang/StringBuilder;Ljava/lang/String;)V> (0x0484a5d8) thrown at [C:\re\workspace\8-2-build-windows-i586-cygwin\jdk8u51\3951\hotspot\src\share\vm\interpreter\linkResolver.cpp, line P/=¿y(B@
Event: 36.316 Thread 0x17c14400 Exception <a 'java/lang/NoSuchMethodError': java.lang.Object.lambda$3(Ljava/lang/StringBuilder;Ljava/lang/String;)V> (0x0484cce0) thrown at [C:\re\workspace\8-2-build-windows-i586-cygwin\jdk8u51\3951\hotspot\src\share\vm\interpreter\linkResolver.cpp, line ¢.]±(B@
Event: 36.318 Thread 0x17c14400 Exception <a 'java/lang/NoSuchMethodError': java.lang.Object.lambda$4(Ljava/lang/StringBuilder;Ljava/lang/Integer;)V> (0x0484f4f0) thrown at [C:\re\workspace\8-2-build-windows-i586-cygwin\jdk8u51\3951\hotspot\src\share\vm\interpreter\linkResolver.cpp, lineP,Ùâ#C@
Event: 38.280 Thread 0x16f40400 Exception <a 'java/lang/NoSuchMethodError': java.lang.Object.lambda$and$10(Ljava/util/function/Predicate;Ljava/lang/Object;)Z> (0x04abdf80) thrown at [C:\re\workspace\8-2-build-windows-i586-cygwin\jdk8u51\3951\hotspot\src\share\vm\interpreter\linkResolver.¤T¯ùê#C@
Event: 38.281 Thread 0x16f40800 Exception <a 'java/lang/NoSuchMethodError': java.lang.Object.lambda$and$10(Ljava/util/function/Predicate;Ljava/lang/Object;)Z> (0x04ab6e68) thrown at [C:\re\workspace\8-2-build-windows-i586-cygwin\jdk8u51\3951\hotspot\src\share\vm\interpreter\linkResolver.ÞLšwüåèÜŽPØý.
Event: 38.281 Thread 0x17c15000 Exception <a 'java/lang/NoSuchMethodError': java.lang.Object.lambda$and$10(Ljava/util/function/Predicate;Ljava/lang/Object;)Z> (0x04ab2ab8) thrown at [C:\re\workspace\8-2-build-windows-i586-cygwin\jdk8u51\3951\hotspot\src\share\vm\interpreter\linkResolver.ñ”M§e@
Event: 173.228 Thread 0x17c15800 Exception <a 'java/io/IOException'> (0x04b20bd8) thrown at [C:\re\workspace\8-2-build-windows-i586-cygwin\jdk8u51\3951\hotspot\src\share\vm\prims\jni.cpp, line 709]
Event: 173.230 Thread 0x17c15800 Exception <a 'java/io/IOException'> (0x04d983a8) thrown at [C:\re\workspace\8-2-build-windows-i586-cygwin\jdk8u51\3951\hotspot\src\share\vm\prims\jni.cpp, line 709]
Event: 173.231 Thread 0x17c15800 Exception <a 'java/io/IOException'> (0x04d98e38) thrown at [C:\re\workspace\8-2-build-windows-i586-cygwin\jdk8u51\3951\hotspot\src\share\vm\prims\jni.cpp, line 709]
Event: 173.237 Thread 0x16f42000 Exception <a 'java/io/IOException'> (0x04da2d38) thrown at [C:\re\workspace\8-2-build-windows-i586-cygwin\jdk8u51\3951\hotspot\src\share\vm\prims\jni.cpp, line 709]

Events (10 events):
Event: 351.646 Executing VM operation: RedefineClasses
Event: 351.674 Executing VM operation: RedefineClasses done
Event: 351.678 Executing VM operation: EnterInterpOnlyMode
Event: 351.678 Executing VM operation: EnterInterpOnlyMode done
Event: 351.678 Executing VM operation: GetCurrentLocation
Event: 351.678 Executing VM operation: GetCurrentLocation done
Event: 351.678 Executing VM operation: ChangeSingleStep
Event: 351.678 Executing VM operation: ChangeSingleStep done
Event: 351.679 Executing VM operation: ChangeSingleStep
Event: 351.679 Executing VM operation: ChangeSingleStep done


Dynamic libraries:
0x002b0000 - 0x002e3000 	C:\Program Files (x86)\Java\jdk1.8.0_51\bin\javaw.exe
0x77090000 - 0x77210000 	C:\Windows\SysWOW64\ntdll.dll
0x766a0000 - 0x767b0000 	C:\Windows\syswow64\kernel32.dll
0x76c40000 - 0x76c87000 	C:\Windows\syswow64\KERNELBASE.dll
0x767b0000 - 0x76850000 	C:\Windows\syswow64\ADVAPI32.dll
0x74fd0000 - 0x7507c000 	C:\Windows\syswow64\msvcrt.dll
0x76540000 - 0x76559000 	C:\Windows\SysWOW64\sechost.dll
0x76110000 - 0x76200000 	C:\Windows\syswow64\RPCRT4.dll
0x74a00000 - 0x74a60000 	C:\Windows\syswow64\SspiCli.dll
0x749f0000 - 0x749fc000 	C:\Windows\syswow64\CRYPTBASE.dll
0x76a80000 - 0x76b80000 	C:\Windows\syswow64\USER32.dll
0x76860000 - 0x768f0000 	C:\Windows\syswow64\GDI32.dll
0x76240000 - 0x7624a000 	C:\Windows\syswow64\LPK.dll
0x765f0000 - 0x7668d000 	C:\Windows\syswow64\USP10.dll
0x6d0c0000 - 0x6d25e000 	C:\Windows\WinSxS\x86_microsoft.windows.common-controls_6595b64144ccf1df_6.0.7601.18837_none_41e855142bd5705d\COMCTL32.dll
0x768f0000 - 0x76947000 	C:\Windows\syswow64\SHLWAPI.dll
0x760b0000 - 0x76110000 	C:\Windows\system32\IMM32.DLL
0x74f00000 - 0x74fcc000 	C:\Windows\syswow64\MSCTF.dll
0x509e0000 - 0x50a9f000 	C:\Program Files (x86)\Java\jdk1.8.0_51\jre\bin\msvcr100.dll
0x50620000 - 0x509e0000 	C:\Program Files (x86)\Java\jdk1.8.0_51\jre\bin\client\jvm.dll
0x6eff0000 - 0x6eff7000 	C:\Windows\system32\WSOCK32.dll
0x74e70000 - 0x74ea5000 	C:\Windows\syswow64\WS2_32.dll
0x76290000 - 0x76296000 	C:\Windows\syswow64\NSI.dll
0x6f5e0000 - 0x6f612000 	C:\Windows\system32\WINMM.dll
0x746a0000 - 0x746a9000 	C:\Windows\system32\VERSION.dll
0x77060000 - 0x77065000 	C:\Windows\syswow64\PSAPI.DLL
0x50cc0000 - 0x50ccc000 	C:\Program Files (x86)\Java\jdk1.8.0_51\jre\bin\verify.dll
0x505f0000 - 0x50611000 	C:\Program Files (x86)\Java\jdk1.8.0_51\jre\bin\java.dll
0x50b70000 - 0x50b99000 	C:\Program Files (x86)\Java\jdk1.8.0_51\jre\bin\jdwp.dll
0x69e80000 - 0x69e87000 	C:\Program Files (x86)\Java\jdk1.8.0_51\jre\bin\npt.dll
0x505d0000 - 0x505e3000 	C:\Program Files (x86)\Java\jdk1.8.0_51\jre\bin\zip.dll
0x752c0000 - 0x75f0b000 	C:\Windows\syswow64\SHELL32.dll
0x762b0000 - 0x7640c000 	C:\Windows\syswow64\ole32.dll
0x762a0000 - 0x762ab000 	C:\Windows\syswow64\profapi.dll
0x69b90000 - 0x69b98000 	C:\Program Files (x86)\Java\jdk1.8.0_51\jre\bin\dt_socket.dll
0x71500000 - 0x71510000 	C:\Windows\system32\NLAapi.dll
0x714f0000 - 0x71500000 	C:\Windows\system32\napinsp.dll
0x714d0000 - 0x714e2000 	C:\Windows\system32\pnrpnsp.dll
0x742c0000 - 0x742fc000 	C:\Windows\System32\mswsock.dll
0x729e0000 - 0x72a24000 	C:\Windows\system32\DNSAPI.dll
0x714c0000 - 0x714c8000 	C:\Windows\System32\winrnr.dll
0x714b0000 - 0x714bd000 	C:\Windows\system32\wshbth.dll
0x74070000 - 0x7408c000 	C:\Windows\system32\IPHLPAPI.DLL
0x74060000 - 0x74067000 	C:\Windows\system32\WINNSI.DLL
0x73ff0000 - 0x74028000 	C:\Windows\System32\fwpuclnt.dll
0x729d0000 - 0x729d6000 	C:\Windows\system32\rasadhlp.dll
0x743f0000 - 0x743f5000 	C:\Windows\System32\wshtcpip.dll
0x504c0000 - 0x504d5000 	C:\Program Files (x86)\Java\jdk1.8.0_51\jre\bin\net.dll
0x74090000 - 0x74096000 	C:\Windows\System32\wship6.dll
0x50490000 - 0x5049a000 	C:\Program Files (x86)\Java\jdk1.8.0_51\jre\bin\management.dll
0x50cb0000 - 0x50cbf000 	C:\Program Files (x86)\Java\jdk1.8.0_51\jre\bin\nio.dll
0x742a0000 - 0x742b7000 	C:\Windows\system32\CRYPTSP.dll
0x74260000 - 0x7429b000 	C:\Windows\system32\rsaenh.dll
0x76a60000 - 0x76a77000 	C:\Windows\syswow64\USERENV.dll
0x74040000 - 0x74052000 	C:\Windows\system32\dhcpcsvc.DLL
0x74030000 - 0x7403d000 	C:\Windows\system32\dhcpcsvc6.DLL
0x504a0000 - 0x504c0000 	C:\Program Files (x86)\Java\jdk1.8.0_51\jre\bin\sunec.dll
0x74300000 - 0x743eb000 	C:\Windows\system32\dbghelp.dll

VM Arguments:
jvm_args: -agentlib:jdwp=transport=dt_socket,suspend=y,address=localhost:63288 -Dfile.encoding=Cp1252 
java_command: org.eclipse.jdt.internal.junit.runner.RemoteTestRunner -version 3 -port 63287 -testLoaderClass org.eclipse.jdt.internal.junit4.runner.JUnit4TestLoader -loaderpluginname org.eclipse.jdt.junit4.runtime -test net.oneandone.reactive.kafka.rest.KafkaResourceTest:testConsuming
java_class_path (initial): C:\dev\workspace\reactive2\reactive-kafka-example\target\test-classes;C:\dev\workspace\reactive2\reactive-kafka-example\target\classes;C:\Users\grro\.m2\repository\javax\validation\validation-api\1.1.0.Final\validation-api-1.1.0.Final.jar;C:\Users\grro\.m2\repository\javax\ws\rs\javax.ws.rs-api\2.0.1\javax.ws.rs-api-2.0.1.jar;C:\Users\grro\.m2\repository\javax\annotation\javax.annotation-api\1.2\javax.annotation-api-1.2.jar;C:\Users\grro\.m2\repository\javax\mail\mail\1.5.0-b01\mail-1.5.0-b01.jar;C:\Users\grro\.m2\repository\javax\activation\activation\1.1.1\activation-1.1.1.jar;C:\Users\grro\.m2\repository\org\springframework\boot\spring-boot-starter-web\1.3.0.RELEASE\spring-boot-starter-web-1.3.0.RELEASE.jar;C:\Users\grro\.m2\repository\org\springframework\boot\spring-boot-starter\1.3.0.RELEASE\spring-boot-starter-1.3.0.RELEASE.jar;C:\Users\grro\.m2\repository\org\springframework\boot\spring-boot\1.3.0.RELEASE\spring-boot-1.3.0.RELEASE.jar;C:\Users\grro\.m2\repository\org\springframework\spring-core\4.2.3.RELEASE\spring-core-4.2.3.RELEASE.jar;C:\Users\grro\.m2\repository\org\springframework\spring-context\4.2.3.RELEASE\spring-context-4.2.3.RELEASE.jar;C:\Users\grro\.m2\repository\org\springframework\spring-aop\4.2.3.RELEASE\spring-aop-4.2.3.RELEASE.jar;C:\Users\grro\.m2\repository\aopalliance\aopalliance\1.0\aopalliance-1.0.jar;C:\Users\grro\.m2\repository\org\springframework\spring-beans\4.2.3.RELEASE\spring-beans-4.2.3.RELEASE.jar;C:\Users\grro\.m2\repository\org\springframework\spring-expression\4.2.3.RELEASE\spring-expression-4.2.3.RELEASE.jar;C:\Users\grro\.m2\repository\org\springframework\boot\spring-boot-autoconfigure\1.3.0.RELEASE\spring-boot-autoconfigure-1.3.0.RELEASE.jar;C:\Users\grro\.m2\repository\org\springframework\boot\spring-boot-starter-logging\1.3.0.RELEASE\spring-boot-starter-logging-1.3.0.RELEASE.jar;C:\Users\grro\.m2\repository\ch\qos\logback\logback-classic\1.1.2\logback-classic-1.1.2.jar;C:\Users\grro\.m2\repos
Launcher Type: SUN_STANDARD

Environment Variables:
JAVA_HOME=C:\Program Files (x86)\Java\jdk1.8.0_51
PATH=C:\Program Files (x86)\Java\jdk1.8.0_51\jre\bin;C:/Program Files (x86)/Java/jdk1.8.0_51/bin/../jre/bin/client;C:/Program Files (x86)/Java/jdk1.8.0_51/bin/../jre/bin;C:/Program Files (x86)/Java/jdk1.8.0_51/bin/../jre/lib/i386;C:\Program Files (x86)\Java\jdk1.8.0_51\bin;C:\ProgramData\Oracle\Java\javapath;C:\Program Files\Java\jre1.8.0_40\bin;C:\Python27\;C:\Program Files\SlikSvn\bin;C:\Program Files\ImageMagick-6.8.8-Q16;C:\Program Files (x86)\Intel\iCLS Client\;C:\Program Files\Intel\iCLS Client\;C:\Windows\system32;C:\Windows;C:\Windows\System32\Wbem;C:\Windows\System32\WindowsPowerShell\v1.0\;C:\Windows\SysWOW64\Empirum;C:\Program Files\Lenovo\Bluetooth Software\;C:\Program Files\Lenovo\Bluetooth Software\syswow64;C:\Program Files (x86)\Intel\OpenCL SDK\2.0\bin\x86;C:\Program Files (x86)\Intel\OpenCL SDK\2.0\bin\x64;C:\Program Files\Intel\Intel(R) Management Engine Components\DAL;C:\Program Files\Intel\Intel(R) Management Engine Components\IPT;C:\Program Files (x86)\Intel\Intel(R) Management Engine Components\DAL;C:\Program Files (x86)\Intel\Intel(R) Management Engine Components\IPT;C:\Program Files\Intel\WiFi\bin\;C:\Program Files\Common Files\Intel\WirelessCommon\;C:\Tools\apache-maven-3.2.5\bin;C:\cygwin\bin;C:\Python26;C:\Tools\GSC\Scripts;C:\cygwin\bin;C:\Program Files (x86)\PuTTY;C:\Program Files (x86)\scala\\bin;C:\Program Files (x86)\sbt\\bin;C:\java\apache-cassandra-2.0.6\bin;C:\cygwin64\bin;C:\Program Files (x86)\Git\cmd;C:\Program Files\TortoiseSVN\bin;C:\Program Files (x86)\MySQL\MySQL Fabric 1.5 & MySQL Utilities 1.5\;C:\Program Files (x86)\MySQL\MySQL Fabric 1.5 & MySQL Utilities 1.5\Doctrine extensions for PHP\;C:\Program Files\TortoiseGit\bin;C:\eclipse;
USERNAME=grro
OS=Windows_NT
PROCESSOR_IDENTIFIER=Intel64 Family 6 Model 58 Stepping 9, GenuineIntel



---------------  S Y S T E M  ---------------

OS: Windows 7 , 64 bit Build 7601 (6.1.7601.19045)

CPU:total 4 (2 cores per cpu, 2 threads per core) family 6 model 58 stepping 9, cmov, cx8, fxsr, mmx, sse, sse2, sse3, ssse3, sse4.1, sse4.2, popcnt, avx, aes, clmul, erms, ht, tsc, tscinvbit, tscinv

Memory: 4k page, physical 8258980k(4465160k free), swap 16516124k(12223316k free)

vm_info: Java HotSpot(TM) Client VM (25.51-b03) for windows-x86 JRE (1.8.0_51-b16), built on Jun  8 2015 18:00:23 by "java_re" with MS VC++ 10.0 (VS2010)

time: Mon Nov 30 07:30:10 2015
elapsed time: 351 seconds (0d 0h 5m 51s)

