#
# A fatal error has been detected by the Java Runtime Environment:
#
#  EXCEPTION_ACCESS_VIOLATION (0xc0000005) at pc=0x506ea8ed, pid=6720, tid=6856
#
# JRE version: Java(TM) SE Runtime Environment (8.0_51-b16) (build 1.8.0_51-b16)
# Java VM: Java HotSpot(TM) Client VM (25.51-b03 mixed mode windows-x86 )
# Problematic frame:
# V  [jvm.dll+0xca8ed]
#
# Failed to write core dump. Minidumps are not enabled by default on client versions of Windows
#
# If you would like to submit a bug report, please visit:
#   http://bugreport.java.com/bugreport/crash.jsp
#

---------------  T H R E A D  ---------------

Current thread (0x14ec9800):  JavaThread "JDWP Transport Listener: dt_socket" daemon [_thread_in_vm, id=6856, stack(0x15640000,0x15690000)]

siginfo: ExceptionCode=0xc0000005, reading address 0x65757165

Registers:
EAX=0x65757165, EBX=0x00000000, ECX=0x65757165, EDX=0x00000000
ESP=0x1568f358, EBP=0x1568f35c, ESI=0x14ec9800, EDI=0x0053f028
EIP=0x506ea8ed, EFLAGS=0x00010206

Top of Stack: (sp=0x1568f358)
0x1568f358:   14ec9800 1568f384 50844b04 65757165
0x1568f368:   1568f43c 1568f3bf 14ec9800 00000000
0x1568f378:   00000000 00000000 14ec9800 1568f3c0
0x1568f388:   50f19f80 0053f028 65757165 1568f3bf
0x1568f398:   65757165 50f0436d 65757165 1568f3bf
0x1568f3a8:   00000004 00000000 00000000 00000001
0x1568f3b8:   00000000 00eb6cf4 1568f3e0 50f044e0
0x1568f3c8:   00000001 1568f3fc 1568f438 17a954c0 

Instructions: (pc=0x506ea8ed)
0x506ea8cd:   5d c3 52 e8 5b f9 ff ff 5d c3 cc cc cc cc cc cc
0x506ea8dd:   cc cc cc 55 8b ec 8b 45 08 85 c0 75 02 5d c3 56
0x506ea8ed:   8b 30 85 f6 74 17 83 fe 37 74 12 8b 06 8b 50 08
0x506ea8fd:   8b ce ff d2 84 c0 74 05 8b c6 5e 5d c3 33 c0 5e 


Register to memory mapping:

EAX=0x65757165 is an unknown value
EBX=0x00000000 is an unknown value
ECX=0x65757165 is an unknown value
EDX=0x00000000 is an unknown value
ESP=0x1568f358 is pointing into the stack for thread: 0x14ec9800
EBP=0x1568f35c is pointing into the stack for thread: 0x14ec9800
ESI=0x14ec9800 is a thread
EDI=0x0053f028 is an unknown value


Stack: [0x15640000,0x15690000],  sp=0x1568f358,  free space=316k
Native frames: (J=compiled Java code, j=interpreted, Vv=VM code, C=native code)
V  [jvm.dll+0xca8ed]
V  [jvm.dll+0x224b04]
C  [jdwp.dll+0x19f80]
C  [jdwp.dll+0x44e0]
C  [jdwp.dll+0x451e]
C  0x632f656c


---------------  P R O C E S S  ---------------

Java Threads: ( => current thread )
  0x3cea5c00 JavaThread "http-nio-8080-exec-7" daemon [_thread_blocked, id=1088, stack(0x3e8a0000,0x3e8f0000)]
  0x3cea5400 JavaThread "ForkJoinPool.commonPool-worker-2" daemon [_thread_blocked, id=4836, stack(0x3e960000,0x3e9b0000)]
  0x3cea4c00 JavaThread "ForkJoinPool.commonPool-worker-1" daemon [_thread_blocked, id=1924, stack(0x3e6b0000,0x3e700000)]
  0x3cea4800 JavaThread "ForkJoinPool.commonPool-worker-0" daemon [_thread_blocked, id=6808, stack(0x3e540000,0x3e590000)]
  0x3cea3c00 JavaThread "Thread-8" daemon [_thread_in_native, id=2564, stack(0x3e720000,0x3e770000)]
  0x3cea3400 JavaThread "http-nio-8080-exec-6" daemon [_thread_blocked, id=7268, stack(0x16920000,0x16970000)]
  0x3cea4000 JavaThread "http-nio-8080-exec-5" daemon [_thread_blocked, id=6868, stack(0x3e650000,0x3e6a0000)]
  0x3cea2000 JavaThread "Thread-7" daemon [_thread_in_native, id=4104, stack(0x3e4f0000,0x3e540000)]
  0x3cea2800 JavaThread "http-nio-8080-exec-4" daemon [_thread_blocked, id=2516, stack(0x3e2a0000,0x3e2f0000)]
  0x3cea3000 JavaThread "executor-Fetch" [_thread_blocked, id=8012, stack(0x3e490000,0x3e4e0000)]
  0x17c1a400 JavaThread "pool-10-thread-1" [_thread_blocked, id=7044, stack(0x3e0c0000,0x3e110000)]
  0x17c19800 JavaThread "Thread-6" daemon [_thread_in_native, id=2352, stack(0x18610000,0x18660000)]
  0x17c19000 JavaThread "http-nio-8080-exec-3" daemon [_thread_blocked, id=2148, stack(0x3e070000,0x3e0c0000)]
  0x17c18800 JavaThread "kafka-scheduler-9" daemon [_thread_blocked, id=3804, stack(0x3bd30000,0x3bd80000)]
  0x17c18400 JavaThread "http-nio-8080-exec-2" daemon [_thread_blocked, id=7928, stack(0x3dfc0000,0x3e010000)]
  0x17c17c00 JavaThread "kafka-scheduler-8" daemon [_thread_blocked, id=3512, stack(0x3c160000,0x3c1b0000)]
  0x17c17800 JavaThread "kafka-scheduler-7" daemon [_thread_blocked, id=2924, stack(0x3de00000,0x3de50000)]
  0x17c17000 JavaThread "http-nio-8080-exec-1" daemon [_thread_blocked, id=6956, stack(0x3cae0000,0x3cb30000)]
  0x17c16c00 JavaThread "Controller-149-to-broker-149-send-thread" [_thread_blocked, id=7724, stack(0x3c660000,0x3c6b0000)]
  0x17b95800 JavaThread "kafka-request-handler-7" daemon [_thread_blocked, id=7516, stack(0x3c500000,0x3c550000)]
  0x17b95000 JavaThread "kafka-request-handler-6" daemon [_thread_blocked, id=5728, stack(0x3c420000,0x3c470000)]
  0x17b94c00 JavaThread "kafka-request-handler-5" daemon [_thread_blocked, id=7088, stack(0x3c360000,0x3c3b0000)]
  0x17b94400 JavaThread "kafka-request-handler-4" daemon [_thread_blocked, id=3380, stack(0x3c280000,0x3c2d0000)]
  0x17b94000 JavaThread "kafka-request-handler-3" daemon [_thread_blocked, id=7112, stack(0x3c200000,0x3c250000)]
  0x17b93800 JavaThread "kafka-request-handler-2" daemon [_thread_blocked, id=2608, stack(0x3bfd0000,0x3c020000)]
  0x17b93000 JavaThread "kafka-request-handler-1" daemon [_thread_blocked, id=6732, stack(0x3c0a0000,0x3c0f0000)]
  0x17b92c00 JavaThread "kafka-request-handler-0" daemon [_thread_blocked, id=2576, stack(0x3bf40000,0x3bf90000)]
  0x17b92400 JavaThread "ThrottledRequestReaper-Fetch" [_thread_blocked, id=5008, stack(0x3bee0000,0x3bf30000)]
  0x17b92000 JavaThread "ThrottledRequestReaper-Produce" [_thread_blocked, id=6920, stack(0x3be40000,0x3be90000)]
  0x17ad9800 JavaThread "ExpirationReaper-149" [_thread_blocked, id=7532, stack(0x3bcd0000,0x3bd20000)]
  0x17ad9000 JavaThread "ExpirationReaper-149" [_thread_blocked, id=2724, stack(0x3b9d0000,0x3ba20000)]
  0x17ad8800 JavaThread "group-metadata-manager-0" daemon [_thread_blocked, id=5012, stack(0x3bbc0000,0x3bc10000)]
  0x17ad7c00 JavaThread "kafka-scheduler-0" daemon [_thread_blocked, id=5996, stack(0x3ba20000,0x3ba70000)]
  0x17ad7800 JavaThread "kafka-scheduler-6" daemon [_thread_blocked, id=7096, stack(0x3b8a0000,0x3b8f0000)]
  0x17ad7000 JavaThread "kafka-scheduler-5" daemon [_thread_blocked, id=7936, stack(0x3b910000,0x3b960000)]
  0x17ad6c00 JavaThread "kafka-scheduler-4" daemon [_thread_blocked, id=6728, stack(0x3b7e0000,0x3b830000)]
  0x17ad6400 JavaThread "kafka-scheduler-3" daemon [_thread_blocked, id=5684, stack(0x3b6f0000,0x3b740000)]
  0x17ad5c00 JavaThread "metrics-meter-tick-thread-2" daemon [_thread_blocked, id=4904, stack(0x3b5a0000,0x3b5f0000)]
  0x17a67000 JavaThread "metrics-meter-tick-thread-1" daemon [_thread_blocked, id=5628, stack(0x3b4e0000,0x3b530000)]
  0x17a66800 JavaThread "ExpirationReaper-149" [_thread_blocked, id=4068, stack(0x3b3b0000,0x3b400000)]
  0x17a66000 JavaThread "ExpirationReaper-149" [_thread_blocked, id=5620, stack(0x3b2f0000,0x3b340000)]
  0x17a65c00 JavaThread "kafka-socket-acceptor-PLAINTEXT-8553" [_thread_in_native, id=3360, stack(0x19b90000,0x19be0000)]
  0x17a65400 JavaThread "kafka-network-thread-149-PLAINTEXT-2" [_thread_in_native, id=2208, stack(0x3b170000,0x3b1c0000)]
  0x17a65000 JavaThread "kafka-network-thread-149-PLAINTEXT-1" [_thread_in_native, id=3860, stack(0x3afe0000,0x3b030000)]
  0x17a64800 JavaThread "kafka-network-thread-149-PLAINTEXT-0" [_thread_in_native, id=3504, stack(0x19c00000,0x19c50000)]
  0x17a64400 JavaThread "kafka-scheduler-2" daemon [_thread_blocked, id=5108, stack(0x19ae0000,0x19b30000)]
  0x17a63c00 JavaThread "kafka-scheduler-1" daemon [_thread_blocked, id=6840, stack(0x3af70000,0x3afc0000)]
  0x17a63400 JavaThread "kafka-scheduler-0" daemon [_thread_blocked, id=6412, stack(0x3ae50000,0x3aea0000)]
  0x178b6800 JavaThread "main-EventThread" daemon [_thread_blocked, id=1672, stack(0x196f0000,0x19740000)]
  0x178b6400 JavaThread "main-SendThread(127.0.0.1:8653)" daemon [_thread_in_native, id=5396, stack(0x19680000,0x196d0000)]
  0x178b5c00 JavaThread "ZkClient-EventThread-31-localhost:8653" daemon [_thread_blocked, id=1636, stack(0x198c0000,0x19910000)]
  0x178b5800 JavaThread "SensorExpiryThread" daemon [_thread_blocked, id=7760, stack(0x197f0000,0x19840000)]
  0x178b5000 JavaThread "ProcessThread(sid:0 cport:-1):" [_thread_blocked, id=6308, stack(0x19430000,0x19480000)]
  0x178b4800 JavaThread "SyncThread:0" [_thread_blocked, id=7804, stack(0x19320000,0x19370000)]
  0x178b4400 JavaThread "SessionTracker" [_thread_blocked, id=4648, stack(0x18780000,0x187d0000)]
  0x178b3c00 JavaThread "NIOServerCxn.Factory:localhost/127.0.0.1:8653" daemon [_thread_in_native, id=7580, stack(0x19200000,0x19250000)]
  0x178b3800 JavaThread "http-nio-8080-Acceptor-0" daemon [_thread_in_native, id=7412, stack(0x190b0000,0x19100000)]
  0x178b3000 JavaThread "http-nio-8080-ClientPoller-1" daemon [_thread_in_native, id=6988, stack(0x18e70000,0x18ec0000)]
  0x17132c00 JavaThread "http-nio-8080-ClientPoller-0" daemon [_thread_in_native, id=2108, stack(0x18ff0000,0x19040000)]
  0x1712d000 JavaThread "NioBlockingSelector.BlockPoller-1" daemon [_thread_in_native, id=6172, stack(0x18f00000,0x18f50000)]
  0x177a2800 JavaThread "kafka-producer-network-thread | producer-1" daemon [_thread_in_native, id=6932, stack(0x18b60000,0x18bb0000)]
  0x176b1800 JavaThread "container-0" [_thread_blocked, id=6800, stack(0x18500000,0x18550000)]
  0x176b0000 JavaThread "ContainerBackgroundProcessor[StandardEngine[Tomcat].StandardHost[localhost].StandardContext[]]" daemon [_thread_blocked, id=2020, stack(0x152d0000,0x15320000)]
  0x16154800 JavaThread "ReaderThread" [_thread_in_native, id=6716, stack(0x166e0000,0x16730000)]
  0x14ee7800 JavaThread "Service Thread" daemon [_thread_blocked, id=1928, stack(0x15470000,0x154c0000)]
  0x14ee4000 JavaThread "C1 CompilerThread0" daemon [_thread_blocked, id=7940, stack(0x15820000,0x15870000)]
  0x14edbc00 JavaThread "JDWP Command Reader" daemon [_thread_in_native, id=4532, stack(0x15870000,0x158c0000)]
  0x14eda400 JavaThread "JDWP Event Helper Thread" daemon [_thread_blocked, id=7152, stack(0x15760000,0x157b0000)]
=>0x14ec9800 JavaThread "JDWP Transport Listener: dt_socket" daemon [_thread_in_vm, id=6856, stack(0x15640000,0x15690000)]
  0x14ed2c00 JavaThread "Attach Listener" daemon [_thread_blocked, id=7236, stack(0x024a0000,0x024f0000)]
  0x14ecfc00 JavaThread "Signal Dispatcher" daemon [_thread_blocked, id=7584, stack(0x15120000,0x15170000)]
  0x14e8c400 JavaThread "Finalizer" daemon [_thread_blocked, id=6836, stack(0x048f0000,0x04940000)]
  0x14e87800 JavaThread "Reference Handler" daemon [_thread_blocked, id=6592, stack(0x02450000,0x024a0000)]
  0x00544400 JavaThread "main" [_thread_blocked, id=5604, stack(0x022a0000,0x022f0000)]

Other Threads:
  0x14e82c00 VMThread [stack: 0x023f0000,0x02440000] [id=3716]
  0x14ee8800 WatcherThread [stack: 0x15a70000,0x15ac0000] [id=3724]

VM state:not at safepoint (normal execution)

VM Mutex/Monitor currently owned by a thread: None

Heap:
 def new generation   total 31296K, used 3101K [0x04a00000, 0x06bf0000, 0x09f50000)
  eden space 27840K,   2% used [0x04a00000, 0x04ab39e8, 0x06530000)
  from space 3456K,  68% used [0x06890000, 0x06ae3b08, 0x06bf0000)
  to   space 3456K,   0% used [0x06530000, 0x06530000, 0x06890000)
 tenured generation   total 69320K, used 44092K [0x09f50000, 0x0e302000, 0x14a00000)
   the space 69320K,  63% used [0x09f50000, 0x0ca5f240, 0x0ca5f400, 0x0e302000)
 Metaspace       used 38168K, capacity 38550K, committed 38656K, reserved 39296K

Card table byte_map: [0x00640000,0x006d0000] byte_map_base: 0x0061b000

Polling page: 0x001f0000

CodeCache: size=32768Kb used=1980Kb max_used=5068Kb free=30787Kb
 bounds [0x028c0000, 0x02db8000, 0x048c0000]
 total_blobs=1374 nmethods=1131 adapters=180
 compilation: enabled

Compilation events (10 events):
Event: 634.092 Thread 0x14ee4000 8121             scala.collection.convert.Wrappers$JListWrapper::iterator (16 bytes)
Event: 634.093 Thread 0x14ee4000 nmethod 8121 0x02cc38c8 code [0x02cc39d0, 0x02cc3a88]
Event: 634.093 Thread 0x14ee4000 8122             scala.collection.convert.WrapAsScala$::asScalaIterator (6 bytes)
Event: 634.093 Thread 0x14ee4000 nmethod 8122 0x029c3808 code [0x029c3910, 0x029c3a50]
Event: 634.516 Thread 0x14ee4000 8123             java.util.concurrent.ThreadPoolExecutor::workerCountOf (5 bytes)
Event: 634.517 Thread 0x14ee4000 nmethod 8123 0x029c3648 code [0x029c3740, 0x029c37b0]
Event: 634.595 Thread 0x14ee4000 8124             scala.Tuple2::<init> (23 bytes)
Event: 634.596 Thread 0x14ee4000 nmethod 8124 0x02a7b2c8 code [0x02a7b3c0, 0x02a7b460]
Event: 634.596 Thread 0x14ee4000 8125             scala.Product2$class::$init$ (1 bytes)
Event: 634.596 Thread 0x14ee4000 nmethod 8125 0x02cc3708 code [0x02cc3800, 0x02cc3870]

GC Heap History (10 events):
Event: 325.335 GC heap before
{Heap before GC invocations=119 (full 5):
 def new generation   total 31296K, used 28640K [0x04a00000, 0x06bf0000, 0x09f50000)
  eden space 27840K, 100% used [0x04a00000, 0x06530000, 0x06530000)
  from space 3456K,  23% used [0x06530000, 0x065f8000, 0x06890000)
  to   space 3456K,   0% used [0x06890000, 0x06890000, 0x06bf0000)
 tenured generation   total 69320K, used 43024K [0x09f50000, 0x0e302000, 0x14a00000)
   the space 69320K,  62% used [0x09f50000, 0x0c954340, 0x0c954400, 0x0e302000)
 Metaspace       used 38127K, capacity 38518K, committed 38656K, reserved 39296K
Event: 325.352 GC heap after
Heap after GC invocations=120 (full 5):
 def new generation   total 31296K, used 1676K [0x04a00000, 0x06bf0000, 0x09f50000)
  eden space 27840K,   0% used [0x04a00000, 0x04a00000, 0x06530000)
  from space 3456K,  48% used [0x06890000, 0x06a333c8, 0x06bf0000)
  to   space 3456K,   0% used [0x06530000, 0x06530000, 0x06890000)
 tenured generation   total 69320K, used 43024K [0x09f50000, 0x0e302000, 0x14a00000)
   the space 69320K,  62% used [0x09f50000, 0x0c954340, 0x0c954400, 0x0e302000)
 Metaspace       used 38127K, capacity 38518K, committed 38656K, reserved 39296K
}
Event: 402.614 GC heap before
{Heap before GC invocations=120 (full 5):
 def new generation   total 31296K, used 29516K [0x04a00000, 0x06bf0000, 0x09f50000)
  eden space 27840K, 100% used [0x04a00000, 0x06530000, 0x06530000)
  from space 3456K,  48% used [0x06890000, 0x06a333c8, 0x06bf0000)
  to   space 3456K,   0% used [0x06530000, 0x06530000, 0x06890000)
 tenured generation   total 69320K, used 43024K [0x09f50000, 0x0e302000, 0x14a00000)
   the space 69320K,  62% used [0x09f50000, 0x0c954340, 0x0c954400, 0x0e302000)
 Metaspace       used 38127K, capacity 38518K, committed 38656K, reserved 39296K
Event: 402.625 GC heap after
Heap after GC invocations=121 (full 5):
 def new generation   total 31296K, used 1707K [0x04a00000, 0x06bf0000, 0x09f50000)
  eden space 27840K,   0% used [0x04a00000, 0x04a00000, 0x06530000)
  from space 3456K,  49% used [0x06530000, 0x066dade0, 0x06890000)
  to   space 3456K,   0% used [0x06890000, 0x06890000, 0x06bf0000)
 tenured generation   total 69320K, used 43024K [0x09f50000, 0x0e302000, 0x14a00000)
   the space 69320K,  62% used [0x09f50000, 0x0c954340, 0x0c954400, 0x0e302000)
 Metaspace       used 38127K, capacity 38518K, committed 38656K, reserved 39296K
}
Event: 480.737 GC heap before
{Heap before GC invocations=121 (full 5):
 def new generation   total 31296K, used 29547K [0x04a00000, 0x06bf0000, 0x09f50000)
  eden space 27840K, 100% used [0x04a00000, 0x06530000, 0x06530000)
  from space 3456K,  49% used [0x06530000, 0x066dade0, 0x06890000)
  to   space 3456K,   0% used [0x06890000, 0x06890000, 0x06bf0000)
 tenured generation   total 69320K, used 43024K [0x09f50000, 0x0e302000, 0x14a00000)
   the space 69320K,  62% used [0x09f50000, 0x0c954340, 0x0c954400, 0x0e302000)
 Metaspace       used 38127K, capacity 38518K, committed 38656K, reserved 39296K
Event: 480.760 GC heap after
Heap after GC invocations=122 (full 5):
 def new generation   total 31296K, used 2555K [0x04a00000, 0x06bf0000, 0x09f50000)
  eden space 27840K,   0% used [0x04a00000, 0x04a00000, 0x06530000)
  from space 3456K,  73% used [0x06890000, 0x06b0ef80, 0x06bf0000)
  to   space 3456K,   0% used [0x06530000, 0x06530000, 0x06890000)
 tenured generation   total 69320K, used 43024K [0x09f50000, 0x0e302000, 0x14a00000)
   the space 69320K,  62% used [0x09f50000, 0x0c954340, 0x0c954400, 0x0e302000)
 Metaspace       used 38127K, capacity 38518K, committed 38656K, reserved 39296K
}
Event: 557.595 GC heap before
{Heap before GC invocations=122 (full 5):
 def new generation   total 31296K, used 30395K [0x04a00000, 0x06bf0000, 0x09f50000)
  eden space 27840K, 100% used [0x04a00000, 0x06530000, 0x06530000)
  from space 3456K,  73% used [0x06890000, 0x06b0ef80, 0x06bf0000)
  to   space 3456K,   0% used [0x06530000, 0x06530000, 0x06890000)
 tenured generation   total 69320K, used 43024K [0x09f50000, 0x0e302000, 0x14a00000)
   the space 69320K,  62% used [0x09f50000, 0x0c954340, 0x0c954400, 0x0e302000)
 Metaspace       used 38138K, capacity 38550K, committed 38656K, reserved 39296K
Event: 557.619 GC heap after
Heap after GC invocations=123 (full 5):
 def new generation   total 31296K, used 1559K [0x04a00000, 0x06bf0000, 0x09f50000)
  eden space 27840K,   0% used [0x04a00000, 0x04a00000, 0x06530000)
  from space 3456K,  45% used [0x06530000, 0x066b5e50, 0x06890000)
  to   space 3456K,   0% used [0x06890000, 0x06890000, 0x06bf0000)
 tenured generation   total 69320K, used 44092K [0x09f50000, 0x0e302000, 0x14a00000)
   the space 69320K,  63% used [0x09f50000, 0x0ca5f240, 0x0ca5f400, 0x0e302000)
 Metaspace       used 38138K, capacity 38550K, committed 38656K, reserved 39296K
}
Event: 634.240 GC heap before
{Heap before GC invocations=123 (full 5):
 def new generation   total 31296K, used 29399K [0x04a00000, 0x06bf0000, 0x09f50000)
  eden space 27840K, 100% used [0x04a00000, 0x06530000, 0x06530000)
  from space 3456K,  45% used [0x06530000, 0x066b5e50, 0x06890000)
  to   space 3456K,   0% used [0x06890000, 0x06890000, 0x06bf0000)
 tenured generation   total 69320K, used 44092K [0x09f50000, 0x0e302000, 0x14a00000)
   the space 69320K,  63% used [0x09f50000, 0x0ca5f240, 0x0ca5f400, 0x0e302000)
 Metaspace       used 38138K, capacity 38550K, committed 38656K, reserved 39296K
Event: 634.262 GC heap after
Heap after GC invocations=124 (full 5):
 def new generation   total 31296K, used 2382K [0x04a00000, 0x06bf0000, 0x09f50000)
  eden space 27840K,   0% used [0x04a00000, 0x04a00000, 0x06530000)
  from space 3456K,  68% used [0x06890000, 0x06ae3b08, 0x06bf0000)
  to   space 3456K,   0% used [0x06530000, 0x06530000, 0x06890000)
 tenured generation   total 69320K, used 44092K [0x09f50000, 0x0e302000, 0x14a00000)
   the space 69320K,  63% used [0x09f50000, 0x0ca5f240, 0x0ca5f400, 0x0e302000)
 Metaspace       used 38138K, capacity 38550K, committed 38656K, reserved 39296K
}

Deoptimization events (0 events):
No events

Internal exceptions (10 events):
Event: 14.714 Thread 0x17c19000 Exception <a 'java/lang/NoSuchMethodError': java.lang.Object.lambda$3(Ljava/lang/StringBuilder;Ljava/lang/String;)V> (0x053e5920) thrown at [C:\re\workspace\8-2-build-windows-i586-cygwin\jdk8u51\3951\hotspot\src\share\vm\interpreter\linkResolver.cpp, line »n·‚n-@
Event: 14.716 Thread 0x17c19000 Exception <a 'java/lang/NoSuchMethodError': java.lang.Object.lambda$4(Ljava/lang/StringBuilder;Ljava/lang/Integer;)V> (0x05408eb8) thrown at [C:\re\workspace\8-2-build-windows-i586-cygwin\jdk8u51\3951\hotspot\src\share\vm\interpreter\linkResolver.cpp, lineN©N\ñ,S@
Event: 76.702 Thread 0x17c1a400 Exception <a 'java/io/IOException'> (0x05067408) thrown at [C:\re\workspace\8-2-build-windows-i586-cygwin\jdk8u51\3951\hotspot\src\share\vm\prims\jni.cpp, line 709]
Event: 76.708 Thread 0x17c1a400 Exception <a 'java/io/IOException'> (0x05068810) thrown at [C:\re\workspace\8-2-build-windows-i586-cygwin\jdk8u51\3951\hotspot\src\share\vm\prims\jni.cpp, line 709]
Event: 76.708 Thread 0x17c1a400 Exception <a 'java/io/IOException'> (0x056cf5e8) thrown at [C:\re\workspace\8-2-build-windows-i586-cygwin\jdk8u51\3951\hotspot\src\share\vm\prims\jni.cpp, line 709]
Event: 76.711 Thread 0x3cea3400 Exception <a 'java/io/IOException'> (0x056e4000) thrown at [C:\re\workspace\8-2-build-windows-i586-cygwin\jdk8u51\3951\hotspot\src\share\vm\prims\jni.cpp, line 709]
Event: 102.920 Thread 0x17c1a400 Exception <a 'java/io/IOException'> (0x06133df8) thrown at [C:\re\workspace\8-2-build-windows-i586-cygwin\jdk8u51\3951\hotspot\src\share\vm\prims\jni.cpp, line 709]
Event: 102.921 Thread 0x17c1a400 Exception <a 'java/io/IOException'> (0x06134bc0) thrown at [C:\re\workspace\8-2-build-windows-i586-cygwin\jdk8u51\3951\hotspot\src\share\vm\prims\jni.cpp, line 709]
Event: 102.921 Thread 0x17c1a400 Exception <a 'java/io/IOException'> (0x06135650) thrown at [C:\re\workspace\8-2-build-windows-i586-cygwin\jdk8u51\3951\hotspot\src\share\vm\prims\jni.cpp, line 709]
Event: 102.924 Thread 0x3cea5c00 Exception <a 'java/io/IOException'> (0x06138a90) thrown at [C:\re\workspace\8-2-build-windows-i586-cygwin\jdk8u51\3951\hotspot\src\share\vm\prims\jni.cpp, line 709]

Events (10 events):
Event: 634.018 Thread 0x14ee4000 flushing nmethod 0x02d73748
Event: 634.018 Thread 0x14ee4000 flushing nmethod 0x02d73908
Event: 634.239 Executing VM operation: GenCollectForAllocation
Event: 634.262 Executing VM operation: GenCollectForAllocation done
Event: 634.517 Thread 0x14ee4000 flushing nmethod 0x029c31c8
Event: 634.517 Thread 0x14ee4000 flushing nmethod 0x029c33c8
Event: 634.596 Thread 0x14ee4000 flushing nmethod 0x02d38908
Event: 634.596 Thread 0x14ee4000 flushing nmethod 0x02d48a08
Event: 634.926 Executing VM operation: RedefineClasses
Event: 634.957 Executing VM operation: RedefineClasses done


Dynamic libraries:
0x002b0000 - 0x002e3000 	C:\Program Files (x86)\Java\jdk1.8.0_51\bin\javaw.exe
0x77090000 - 0x77210000 	C:\Windows\SysWOW64\ntdll.dll
0x766a0000 - 0x767b0000 	C:\Windows\syswow64\kernel32.dll
0x76c40000 - 0x76c87000 	C:\Windows\syswow64\KERNELBASE.dll
0x767b0000 - 0x76850000 	C:\Windows\syswow64\ADVAPI32.dll
0x74fd0000 - 0x7507c000 	C:\Windows\syswow64\msvcrt.dll
0x76540000 - 0x76559000 	C:\Windows\SysWOW64\sechost.dll
0x76110000 - 0x76200000 	C:\Windows\syswow64\RPCRT4.dll
0x74a00000 - 0x74a60000 	C:\Windows\syswow64\SspiCli.dll
0x749f0000 - 0x749fc000 	C:\Windows\syswow64\CRYPTBASE.dll
0x76a80000 - 0x76b80000 	C:\Windows\syswow64\USER32.dll
0x76860000 - 0x768f0000 	C:\Windows\syswow64\GDI32.dll
0x76240000 - 0x7624a000 	C:\Windows\syswow64\LPK.dll
0x765f0000 - 0x7668d000 	C:\Windows\syswow64\USP10.dll
0x6d0c0000 - 0x6d25e000 	C:\Windows\WinSxS\x86_microsoft.windows.common-controls_6595b64144ccf1df_6.0.7601.18837_none_41e855142bd5705d\COMCTL32.dll
0x768f0000 - 0x76947000 	C:\Windows\syswow64\SHLWAPI.dll
0x760b0000 - 0x76110000 	C:\Windows\system32\IMM32.DLL
0x74f00000 - 0x74fcc000 	C:\Windows\syswow64\MSCTF.dll
0x509e0000 - 0x50a9f000 	C:\Program Files (x86)\Java\jdk1.8.0_51\jre\bin\msvcr100.dll
0x50620000 - 0x509e0000 	C:\Program Files (x86)\Java\jdk1.8.0_51\jre\bin\client\jvm.dll
0x6eff0000 - 0x6eff7000 	C:\Windows\system32\WSOCK32.dll
0x74e70000 - 0x74ea5000 	C:\Windows\syswow64\WS2_32.dll
0x76290000 - 0x76296000 	C:\Windows\syswow64\NSI.dll
0x6f5e0000 - 0x6f612000 	C:\Windows\system32\WINMM.dll
0x746a0000 - 0x746a9000 	C:\Windows\system32\VERSION.dll
0x77060000 - 0x77065000 	C:\Windows\syswow64\PSAPI.DLL
0x50cc0000 - 0x50ccc000 	C:\Program Files (x86)\Java\jdk1.8.0_51\jre\bin\verify.dll
0x505f0000 - 0x50611000 	C:\Program Files (x86)\Java\jdk1.8.0_51\jre\bin\java.dll
0x50f00000 - 0x50f29000 	C:\Program Files (x86)\Java\jdk1.8.0_51\jre\bin\jdwp.dll
0x69150000 - 0x69157000 	C:\Program Files (x86)\Java\jdk1.8.0_51\jre\bin\npt.dll
0x505d0000 - 0x505e3000 	C:\Program Files (x86)\Java\jdk1.8.0_51\jre\bin\zip.dll
0x752c0000 - 0x75f0b000 	C:\Windows\syswow64\SHELL32.dll
0x762b0000 - 0x7640c000 	C:\Windows\syswow64\ole32.dll
0x762a0000 - 0x762ab000 	C:\Windows\syswow64\profapi.dll
0x69b10000 - 0x69b18000 	C:\Program Files (x86)\Java\jdk1.8.0_51\jre\bin\dt_socket.dll
0x71500000 - 0x71510000 	C:\Windows\system32\NLAapi.dll
0x714f0000 - 0x71500000 	C:\Windows\system32\napinsp.dll
0x714d0000 - 0x714e2000 	C:\Windows\system32\pnrpnsp.dll
0x742c0000 - 0x742fc000 	C:\Windows\System32\mswsock.dll
0x729e0000 - 0x72a24000 	C:\Windows\system32\DNSAPI.dll
0x714c0000 - 0x714c8000 	C:\Windows\System32\winrnr.dll
0x714b0000 - 0x714bd000 	C:\Windows\system32\wshbth.dll
0x74070000 - 0x7408c000 	C:\Windows\system32\IPHLPAPI.DLL
0x74060000 - 0x74067000 	C:\Windows\system32\WINNSI.DLL
0x73ff0000 - 0x74028000 	C:\Windows\System32\fwpuclnt.dll
0x729d0000 - 0x729d6000 	C:\Windows\system32\rasadhlp.dll
0x743f0000 - 0x743f5000 	C:\Windows\System32\wshtcpip.dll
0x504c0000 - 0x504d5000 	C:\Program Files (x86)\Java\jdk1.8.0_51\jre\bin\net.dll
0x74090000 - 0x74096000 	C:\Windows\System32\wship6.dll
0x50490000 - 0x5049a000 	C:\Program Files (x86)\Java\jdk1.8.0_51\jre\bin\management.dll
0x50cb0000 - 0x50cbf000 	C:\Program Files (x86)\Java\jdk1.8.0_51\jre\bin\nio.dll
0x742a0000 - 0x742b7000 	C:\Windows\system32\CRYPTSP.dll
0x74260000 - 0x7429b000 	C:\Windows\system32\rsaenh.dll
0x76a60000 - 0x76a77000 	C:\Windows\syswow64\USERENV.dll
0x74040000 - 0x74052000 	C:\Windows\system32\dhcpcsvc.DLL
0x74030000 - 0x7403d000 	C:\Windows\system32\dhcpcsvc6.DLL
0x504a0000 - 0x504c0000 	C:\Program Files (x86)\Java\jdk1.8.0_51\jre\bin\sunec.dll
0x74300000 - 0x743eb000 	C:\Windows\system32\dbghelp.dll

VM Arguments:
jvm_args: -agentlib:jdwp=transport=dt_socket,suspend=y,address=localhost:58818 -Dfile.encoding=Cp1252 
java_command: org.eclipse.jdt.internal.junit.runner.RemoteTestRunner -version 3 -port 58817 -testLoaderClass org.eclipse.jdt.internal.junit4.runner.JUnit4TestLoader -loaderpluginname org.eclipse.jdt.junit4.runtime -test net.oneandone.reactive.kafka.rest.KafkaResourceTest:testConsuming
java_class_path (initial): C:\dev\workspace\reactive2\reactive-kafka-example\target\test-classes;C:\dev\workspace\reactive2\reactive-kafka-example\target\classes;C:\Users\grro\.m2\repository\javax\validation\validation-api\1.1.0.Final\validation-api-1.1.0.Final.jar;C:\Users\grro\.m2\repository\javax\ws\rs\javax.ws.rs-api\2.0.1\javax.ws.rs-api-2.0.1.jar;C:\Users\grro\.m2\repository\javax\annotation\javax.annotation-api\1.2\javax.annotation-api-1.2.jar;C:\Users\grro\.m2\repository\javax\mail\mail\1.5.0-b01\mail-1.5.0-b01.jar;C:\Users\grro\.m2\repository\javax\activation\activation\1.1.1\activation-1.1.1.jar;C:\Users\grro\.m2\repository\org\springframework\boot\spring-boot-starter-web\1.3.0.RELEASE\spring-boot-starter-web-1.3.0.RELEASE.jar;C:\Users\grro\.m2\repository\org\springframework\boot\spring-boot-starter\1.3.0.RELEASE\spring-boot-starter-1.3.0.RELEASE.jar;C:\Users\grro\.m2\repository\org\springframework\boot\spring-boot\1.3.0.RELEASE\spring-boot-1.3.0.RELEASE.jar;C:\Users\grro\.m2\repository\org\springframework\spring-core\4.2.3.RELEASE\spring-core-4.2.3.RELEASE.jar;C:\Users\grro\.m2\repository\org\springframework\spring-context\4.2.3.RELEASE\spring-context-4.2.3.RELEASE.jar;C:\Users\grro\.m2\repository\org\springframework\spring-aop\4.2.3.RELEASE\spring-aop-4.2.3.RELEASE.jar;C:\Users\grro\.m2\repository\aopalliance\aopalliance\1.0\aopalliance-1.0.jar;C:\Users\grro\.m2\repository\org\springframework\spring-beans\4.2.3.RELEASE\spring-beans-4.2.3.RELEASE.jar;C:\Users\grro\.m2\repository\org\springframework\spring-expression\4.2.3.RELEASE\spring-expression-4.2.3.RELEASE.jar;C:\Users\grro\.m2\repository\org\springframework\boot\spring-boot-autoconfigure\1.3.0.RELEASE\spring-boot-autoconfigure-1.3.0.RELEASE.jar;C:\Users\grro\.m2\repository\org\springframework\boot\spring-boot-starter-logging\1.3.0.RELEASE\spring-boot-starter-logging-1.3.0.RELEASE.jar;C:\Users\grro\.m2\repository\ch\qos\logback\logback-classic\1.1.2\logback-classic-1.1.2.jar;C:\Users\grro\.m2\repos
Launcher Type: SUN_STANDARD

Environment Variables:
JAVA_HOME=C:\Program Files (x86)\Java\jdk1.8.0_51
PATH=C:\Program Files (x86)\Java\jdk1.8.0_51\jre\bin;C:/Program Files (x86)/Java/jdk1.8.0_51/bin/../jre/bin/client;C:/Program Files (x86)/Java/jdk1.8.0_51/bin/../jre/bin;C:/Program Files (x86)/Java/jdk1.8.0_51/bin/../jre/lib/i386;C:\Program Files (x86)\Java\jdk1.8.0_51\bin;C:\ProgramData\Oracle\Java\javapath;C:\Program Files\Java\jre1.8.0_40\bin;C:\Python27\;C:\Program Files\SlikSvn\bin;C:\Program Files\ImageMagick-6.8.8-Q16;C:\Program Files (x86)\Intel\iCLS Client\;C:\Program Files\Intel\iCLS Client\;C:\Windows\system32;C:\Windows;C:\Windows\System32\Wbem;C:\Windows\System32\WindowsPowerShell\v1.0\;C:\Windows\SysWOW64\Empirum;C:\Program Files\Lenovo\Bluetooth Software\;C:\Program Files\Lenovo\Bluetooth Software\syswow64;C:\Program Files (x86)\Intel\OpenCL SDK\2.0\bin\x86;C:\Program Files (x86)\Intel\OpenCL SDK\2.0\bin\x64;C:\Program Files\Intel\Intel(R) Management Engine Components\DAL;C:\Program Files\Intel\Intel(R) Management Engine Components\IPT;C:\Program Files (x86)\Intel\Intel(R) Management Engine Components\DAL;C:\Program Files (x86)\Intel\Intel(R) Management Engine Components\IPT;C:\Program Files\Intel\WiFi\bin\;C:\Program Files\Common Files\Intel\WirelessCommon\;C:\Tools\apache-maven-3.2.5\bin;C:\cygwin\bin;C:\Python26;C:\Tools\GSC\Scripts;C:\cygwin\bin;C:\Program Files (x86)\PuTTY;C:\Program Files (x86)\scala\\bin;C:\Program Files (x86)\sbt\\bin;C:\java\apache-cassandra-2.0.6\bin;C:\cygwin64\bin;C:\Program Files (x86)\Git\cmd;C:\Program Files\TortoiseSVN\bin;C:\Program Files (x86)\MySQL\MySQL Fabric 1.5 & MySQL Utilities 1.5\;C:\Program Files (x86)\MySQL\MySQL Fabric 1.5 & MySQL Utilities 1.5\Doctrine extensions for PHP\;C:\Program Files\TortoiseGit\bin;C:\eclipse;
USERNAME=grro
OS=Windows_NT
PROCESSOR_IDENTIFIER=Intel64 Family 6 Model 58 Stepping 9, GenuineIntel



---------------  S Y S T E M  ---------------

OS: Windows 7 , 64 bit Build 7601 (6.1.7601.19045)

CPU:total 4 (2 cores per cpu, 2 threads per core) family 6 model 58 stepping 9, cmov, cx8, fxsr, mmx, sse, sse2, sse3, ssse3, sse4.1, sse4.2, popcnt, avx, aes, clmul, erms, ht, tsc, tscinvbit, tscinv

Memory: 4k page, physical 8258980k(4711288k free), swap 16516124k(12483372k free)

vm_info: Java HotSpot(TM) Client VM (25.51-b03) for windows-x86 JRE (1.8.0_51-b16), built on Jun  8 2015 18:00:23 by "java_re" with MS VC++ 10.0 (VS2010)

time: Sun Nov 29 15:46:43 2015
elapsed time: 634 seconds (0d 0h 10m 34s)

