#
# A fatal error has been detected by the Java Runtime Environment:
#
#  EXCEPTION_ACCESS_VIOLATION (0xc0000005) at pc=0x62cea8ed, pid=6592, tid=964
#
# JRE version: Java(TM) SE Runtime Environment (8.0_51-b16) (build 1.8.0_51-b16)
# Java VM: Java HotSpot(TM) Client VM (25.51-b03 mixed mode windows-x86 )
# Problematic frame:
# V  [jvm.dll+0xca8ed]
#
# Failed to write core dump. Minidumps are not enabled by default on client versions of Windows
#
# If you would like to submit a bug report, please visit:
#   http://bugreport.java.com/bugreport/crash.jsp
#

---------------  T H R E A D  ---------------

Current thread (0x14ed6400):  JavaThread "JDWP Transport Listener: dt_socket" daemon [_thread_in_vm, id=964, stack(0x15100000,0x15150000)]

siginfo: ExceptionCode=0xc0000005, reading address 0x0e000000

Registers:
EAX=0x0e000000, EBX=0x00000000, ECX=0x0e000000, EDX=0x00000000
ESP=0x1514f908, EBP=0x1514f90c, ESI=0x14ed6400, EDI=0x00e536b0
EIP=0x62cea8ed, EFLAGS=0x00010206

Top of Stack: (sp=0x1514f908)
0x1514f908:   14ed6400 1514f934 62e44b04 0e000000
0x1514f918:   1514f9ec 1514f96f 14ed6400 00000000
0x1514f928:   00000000 00000000 14ed6400 1514f970
0x1514f938:   731a9f80 00e536b0 0e000000 1514f96f
0x1514f948:   0e000000 7319436d 0e000000 1514f96f
0x1514f958:   00000009 00000000 00000000 00000009
0x1514f968:   00000000 00e907ac 1514f990 731944e0
0x1514f978:   00000001 1514f9ac 1514f9e8 164ef010 

Instructions: (pc=0x62cea8ed)
0x62cea8cd:   5d c3 52 e8 5b f9 ff ff 5d c3 cc cc cc cc cc cc
0x62cea8dd:   cc cc cc 55 8b ec 8b 45 08 85 c0 75 02 5d c3 56
0x62cea8ed:   8b 30 85 f6 74 17 83 fe 37 74 12 8b 06 8b 50 08
0x62cea8fd:   8b ce ff d2 84 c0 74 05 8b c6 5e 5d c3 33 c0 5e 


Register to memory mapping:

EAX=0x0e000000 is an unallocated location in the heap
EBX=0x00000000 is an unknown value
ECX=0x0e000000 is an unallocated location in the heap
EDX=0x00000000 is an unknown value
ESP=0x1514f908 is pointing into the stack for thread: 0x14ed6400
EBP=0x1514f90c is pointing into the stack for thread: 0x14ed6400
ESI=0x14ed6400 is a thread
EDI=0x00e536b0 is an unknown value


Stack: [0x15100000,0x15150000],  sp=0x1514f908,  free space=318k
Native frames: (J=compiled Java code, j=interpreted, Vv=VM code, C=native code)
V  [jvm.dll+0xca8ed]
V  [jvm.dll+0x224b04]
C  [jdwp.dll+0x19f80]
C  [jdwp.dll+0x44e0]
C  [jdwp.dll+0x451e]
C  0x16080000


---------------  P R O C E S S  ---------------

Java Threads: ( => current thread )
  0x1632f400 JavaThread "server-20" [_thread_blocked, id=7780, stack(0x16e60000,0x16eb0000)]
  0x1632cc00 JavaThread "server-19" [_thread_blocked, id=7776, stack(0x16d10000,0x16d60000)]
  0x1632c400 JavaThread "server-18" [_thread_blocked, id=7688, stack(0x16d70000,0x16dc0000)]
  0x1632bc00 JavaThread "server-17" [_thread_blocked, id=7760, stack(0x16c60000,0x16cb0000)]
  0x1632b400 JavaThread "server-16" [_thread_blocked, id=7756, stack(0x16c10000,0x16c60000)]
  0x16313c00 JavaThread "server-15-acceptor-0@1cfdfb3-ServerConnector@10829ba{HTTP/1.1,[http/1.1]}{0.0.0.0:49514}" [_thread_in_native, id=7736, stack(0x15280000,0x152d0000)]
  0x16313400 JavaThread "server-14" [_thread_in_native, id=7696, stack(0x169d0000,0x16a20000)]
  0x16316400 JavaThread "server-13" [_thread_in_native, id=7664, stack(0x158c0000,0x15910000)]
  0x1614f400 JavaThread "ReaderThread" [_thread_in_native, id=7648, stack(0x155e0000,0x15630000)]
  0x14f01800 JavaThread "Service Thread" daemon [_thread_blocked, id=7620, stack(0x15720000,0x15770000)]
  0x14ee4000 JavaThread "C1 CompilerThread0" daemon [_thread_blocked, id=5420, stack(0x049a0000,0x049f0000)]
  0x14edcc00 JavaThread "JDWP Command Reader" daemon [_thread_in_native, id=2528, stack(0x00f90000,0x00fe0000)]
  0x14edb400 JavaThread "JDWP Event Helper Thread" daemon [_thread_blocked, id=3020, stack(0x15630000,0x15680000)]
=>0x14ed6400 JavaThread "JDWP Transport Listener: dt_socket" daemon [_thread_in_vm, id=964, stack(0x15100000,0x15150000)]
  0x14ed3800 JavaThread "Attach Listener" daemon [_thread_blocked, id=2228, stack(0x152d0000,0x15320000)]
  0x14ed0800 JavaThread "Signal Dispatcher" daemon [_thread_blocked, id=6984, stack(0x15230000,0x15280000)]
  0x14e8d000 JavaThread "Finalizer" daemon [_thread_blocked, id=6716, stack(0x150b0000,0x15100000)]
  0x14e88400 JavaThread "Reference Handler" daemon [_thread_blocked, id=1344, stack(0x01100000,0x01150000)]
  0x00e55000 JavaThread "main" [_thread_blocked, id=7628, stack(0x00360000,0x003b0000)]

Other Threads:
  0x14e83400 VMThread [stack: 0x01240000,0x01290000] [id=5272]
  0x14f02c00 WatcherThread [stack: 0x159d0000,0x15a20000] [id=7612]

VM state:not at safepoint (normal execution)

VM Mutex/Monitor currently owned by a thread: None

Heap:
 def new generation   total 5056K, used 3382K [0x04a00000, 0x04f70000, 0x09f50000)
  eden space 4544K,  67% used [0x04a00000, 0x04d03838, 0x04e70000)
  from space 512K,  57% used [0x04e70000, 0x04eba2c8, 0x04ef0000)
  to   space 512K,   0% used [0x04ef0000, 0x04ef0000, 0x04f70000)
 tenured generation   total 10944K, used 5978K [0x09f50000, 0x0aa00000, 0x14a00000)
   the space 10944K,  54% used [0x09f50000, 0x0a526a50, 0x0a526c00, 0x0aa00000)
 Metaspace       used 12851K, capacity 13091K, committed 13184K, reserved 13696K

Card table byte_map: [0x00ff0000,0x01080000] byte_map_base: 0x00fcb000

Polling page: 0x00270000

CodeCache: size=32768Kb used=1673Kb max_used=1673Kb free=31094Kb
 bounds [0x029a0000, 0x02b48000, 0x049a0000]
 total_blobs=907 nmethods=732 adapters=114
 compilation: enabled

Compilation events (10 events):
Event: 20.990 Thread 0x14ee4000  747             java.net.URLStreamHandler::equals (45 bytes)
Event: 20.990 Thread 0x14ee4000 nmethod 747 0x02b410c8 code [0x02b411e0, 0x02b41308]
Event: 20.990 Thread 0x14ee4000  748             java.net.URLStreamHandler::sameFile (136 bytes)
Event: 20.991 Thread 0x14ee4000 nmethod 748 0x02b41448 code [0x02b41570, 0x02b41744]
Event: 20.992 Thread 0x14ee4000  749             java.net.URLStreamHandler::hostsEqual (75 bytes)
Event: 20.992 Thread 0x14ee4000 nmethod 749 0x02b41908 code [0x02b41a40, 0x02b41bc0]
Event: 21.043 Thread 0x14ee4000  750             jdk.internal.org.objectweb.asm.Item::isEqualTo (354 bytes)
Event: 21.044 Thread 0x14ee4000 nmethod 750 0x02b41d48 code [0x02b41ee0, 0x02b422cc]
Event: 21.044 Thread 0x14ee4000  751             jdk.internal.org.objectweb.asm.ByteVector::put12 (64 bytes)
Event: 21.044 Thread 0x14ee4000 nmethod 751 0x02b42688 code [0x02b42790, 0x02b428bc]

GC Heap History (10 events):
Event: 2.172 GC heap before
{Heap before GC invocations=21 (full 0):
 def new generation   total 4928K, used 4927K [0x04a00000, 0x04f50000, 0x09f50000)
  eden space 4416K, 100% used [0x04a00000, 0x04e50000, 0x04e50000)
  from space 512K,  99% used [0x04ed0000, 0x04f4ff18, 0x04f50000)
  to   space 512K,   0% used [0x04e50000, 0x04e50000, 0x04ed0000)
 tenured generation   total 10944K, used 5314K [0x09f50000, 0x0aa00000, 0x14a00000)
   the space 10944K,  48% used [0x09f50000, 0x0a4809e0, 0x0a480a00, 0x0aa00000)
 Metaspace       used 11338K, capacity 11559K, committed 11648K, reserved 11648K
Event: 2.174 GC heap after
Heap after GC invocations=22 (full 0):
 def new generation   total 4928K, used 512K [0x04a00000, 0x04f50000, 0x09f50000)
  eden space 4416K,   0% used [0x04a00000, 0x04a00000, 0x04e50000)
  from space 512K, 100% used [0x04e50000, 0x04ed0000, 0x04ed0000)
  to   space 512K,   0% used [0x04ed0000, 0x04ed0000, 0x04f50000)
 tenured generation   total 10944K, used 5672K [0x09f50000, 0x0aa00000, 0x14a00000)
   the space 10944K,  51% used [0x09f50000, 0x0a4da088, 0x0a4da200, 0x0aa00000)
 Metaspace       used 11338K, capacity 11559K, committed 11648K, reserved 11648K
}
Event: 2.225 GC heap before
{Heap before GC invocations=22 (full 0):
 def new generation   total 4928K, used 4928K [0x04a00000, 0x04f50000, 0x09f50000)
  eden space 4416K, 100% used [0x04a00000, 0x04e50000, 0x04e50000)
  from space 512K, 100% used [0x04e50000, 0x04ed0000, 0x04ed0000)
  to   space 512K,   0% used [0x04ed0000, 0x04ed0000, 0x04f50000)
 tenured generation   total 10944K, used 5672K [0x09f50000, 0x0aa00000, 0x14a00000)
   the space 10944K,  51% used [0x09f50000, 0x0a4da088, 0x0a4da200, 0x0aa00000)
 Metaspace       used 11778K, capacity 11975K, committed 12032K, reserved 12672K
Event: 2.226 GC heap after
Heap after GC invocations=23 (full 0):
 def new generation   total 4928K, used 512K [0x04a00000, 0x04f50000, 0x09f50000)
  eden space 4416K,   0% used [0x04a00000, 0x04a00000, 0x04e50000)
  from space 512K, 100% used [0x04ed0000, 0x04f50000, 0x04f50000)
  to   space 512K,   0% used [0x04e50000, 0x04e50000, 0x04ed0000)
 tenured generation   total 10944K, used 5947K [0x09f50000, 0x0aa00000, 0x14a00000)
   the space 10944K,  54% used [0x09f50000, 0x0a51eeb8, 0x0a51f000, 0x0aa00000)
 Metaspace       used 11778K, capacity 11975K, committed 12032K, reserved 12672K
}
Event: 2.256 GC heap before
{Heap before GC invocations=23 (full 0):
 def new generation   total 4928K, used 2950K [0x04a00000, 0x04f50000, 0x09f50000)
  eden space 4416K,  55% used [0x04a00000, 0x04c618b0, 0x04e50000)
  from space 512K, 100% used [0x04ed0000, 0x04f50000, 0x04f50000)
  to   space 512K,   0% used [0x04e50000, 0x04e50000, 0x04ed0000)
 tenured generation   total 10944K, used 5947K [0x09f50000, 0x0aa00000, 0x14a00000)
   the space 10944K,  54% used [0x09f50000, 0x0a51eeb8, 0x0a51f000, 0x0aa00000)
 Metaspace       used 12045K, capacity 12231K, committed 12288K, reserved 12672K
Event: 2.271 GC heap after
Heap after GC invocations=24 (full 1):
 def new generation   total 5056K, used 0K [0x04a00000, 0x04f70000, 0x09f50000)
  eden space 4544K,   0% used [0x04a00000, 0x04a00000, 0x04e70000)
  from space 512K,   0% used [0x04e70000, 0x04e70000, 0x04ef0000)
  to   space 512K,   0% used [0x04ef0000, 0x04ef0000, 0x04f70000)
 tenured generation   total 10944K, used 5855K [0x09f50000, 0x0aa00000, 0x14a00000)
   the space 10944K,  53% used [0x09f50000, 0x0a507ca8, 0x0a507e00, 0x0aa00000)
 Metaspace       used 12045K, capacity 12231K, committed 12288K, reserved 12672K
}
Event: 2.350 GC heap before
{Heap before GC invocations=24 (full 1):
 def new generation   total 5056K, used 4544K [0x04a00000, 0x04f70000, 0x09f50000)
  eden space 4544K, 100% used [0x04a00000, 0x04e70000, 0x04e70000)
  from space 512K,   0% used [0x04e70000, 0x04e70000, 0x04ef0000)
  to   space 512K,   0% used [0x04ef0000, 0x04ef0000, 0x04f70000)
 tenured generation   total 10944K, used 5855K [0x09f50000, 0x0aa00000, 0x14a00000)
   the space 10944K,  53% used [0x09f50000, 0x0a507ca8, 0x0a507e00, 0x0aa00000)
 Metaspace       used 12389K, capacity 12583K, committed 12672K, reserved 12672K
Event: 2.352 GC heap after
Heap after GC invocations=25 (full 1):
 def new generation   total 5056K, used 511K [0x04a00000, 0x04f70000, 0x09f50000)
  eden space 4544K,   0% used [0x04a00000, 0x04a00000, 0x04e70000)
  from space 512K,  99% used [0x04ef0000, 0x04f6ffd8, 0x04f70000)
  to   space 512K,   0% used [0x04e70000, 0x04e70000, 0x04ef0000)
 tenured generation   total 10944K, used 5898K [0x09f50000, 0x0aa00000, 0x14a00000)
   the space 10944K,  53% used [0x09f50000, 0x0a5128d8, 0x0a512a00, 0x0aa00000)
 Metaspace       used 12389K, capacity 12583K, committed 12672K, reserved 12672K
}
Event: 20.638 GC heap before
{Heap before GC invocations=25 (full 1):
 def new generation   total 5056K, used 5055K [0x04a00000, 0x04f70000, 0x09f50000)
  eden space 4544K, 100% used [0x04a00000, 0x04e70000, 0x04e70000)
  from space 512K,  99% used [0x04ef0000, 0x04f6ffd8, 0x04f70000)
  to   space 512K,   0% used [0x04e70000, 0x04e70000, 0x04ef0000)
 tenured generation   total 10944K, used 5898K [0x09f50000, 0x0aa00000, 0x14a00000)
   the space 10944K,  53% used [0x09f50000, 0x0a5128d8, 0x0a512a00, 0x0aa00000)
 Metaspace       used 12715K, capacity 12953K, committed 13056K, reserved 13696K
Event: 20.642 GC heap after
Heap after GC invocations=26 (full 1):
 def new generation   total 5056K, used 296K [0x04a00000, 0x04f70000, 0x09f50000)
  eden space 4544K,   0% used [0x04a00000, 0x04a00000, 0x04e70000)
  from space 512K,  57% used [0x04e70000, 0x04eba2c8, 0x04ef0000)
  to   space 512K,   0% used [0x04ef0000, 0x04ef0000, 0x04f70000)
 tenured generation   total 10944K, used 5978K [0x09f50000, 0x0aa00000, 0x14a00000)
   the space 10944K,  54% used [0x09f50000, 0x0a526a50, 0x0a526c00, 0x0aa00000)
 Metaspace       used 12715K, capacity 12953K, committed 13056K, reserved 13696K
}

Deoptimization events (0 events):
No events

Internal exceptions (10 events):
Event: 1.883 Thread 0x00e55000 Exception <a 'java/lang/ArrayIndexOutOfBoundsException'> (0x04af9d08) thrown at [C:\re\workspace\8-2-build-windows-i586-cygwin\jdk8u51\3951\hotspot\src\share\vm\runtime\sharedRuntime.cpp, line 605]
Event: 1.888 Thread 0x00e55000 Exception <a 'java/lang/ArrayIndexOutOfBoundsException'> (0x04b6c478) thrown at [C:\re\workspace\8-2-build-windows-i586-cygwin\jdk8u51\3951\hotspot\src\share\vm\runtime\sharedRuntime.cpp, line 605]
Event: 1.888 Thread 0x00e55000 Exception <a 'java/lang/ArrayIndexOutOfBoundsException'> (0x04b6d150) thrown at [C:\re\workspace\8-2-build-windows-i586-cygwin\jdk8u51\3951\hotspot\src\share\vm\runtime\sharedRuntime.cpp, line 605]
Event: 1.892 Thread 0x00e55000 Exception <a 'java/lang/ArrayIndexOutOfBoundsException'> (0x04becae8) thrown at [C:\re\workspace\8-2-build-windows-i586-cygwin\jdk8u51\3951\hotspot\src\share\vm\runtime\sharedRuntime.cpp, line 605]
Event: 1.892 Thread 0x00e55000 Exception <a 'java/lang/ArrayIndexOutOfBoundsException'> (0x04bedd38) thrown at [C:\re\workspace\8-2-build-windows-i586-cygwin\jdk8u51\3951\hotspot\src\share\vm\runtime\sharedRuntime.cpp, line 605]
Event: 1.892 Thread 0x00e55000 Exception <a 'java/lang/ArrayIndexOutOfBoundsException'> (0x04beee90) thrown at [C:\re\workspace\8-2-build-windows-i586-cygwin\jdk8u51\3951\hotspot\src\share\vm\runtime\sharedRuntime.cpp, line 605]
Event: 1.895 Thread 0x00e55000 Exception <a 'java/lang/ArrayIndexOutOfBoundsException'> (0x04c2a620) thrown at [C:\re\workspace\8-2-build-windows-i586-cygwin\jdk8u51\3951\hotspot\src\share\vm\runtime\sharedRuntime.cpp, line 605]
Event: 1.897 Thread 0x00e55000 Exception <a 'java/lang/ArrayIndexOutOfBoundsException'> (0x04c63600) thrown at [C:\re\workspace\8-2-build-windows-i586-cygwin\jdk8u51\3951\hotspot\src\share\vm\runtime\sharedRuntime.cpp, line 605]
Event: 1.900 Thread 0x00e55000 Exception <a 'java/lang/ArrayIndexOutOfBoundsException'> (0x04c9d158) thrown at [C:\re\workspace\8-2-build-windows-i586-cygwin\jdk8u51\3951\hotspot\src\share\vm\runtime\sharedRuntime.cpp, line 605]
Event: 1.907 Thread 0x00e55000 Exception <a 'java/lang/ArrayIndexOutOfBoundsException'> (0x04cfe9e8) thrown at [C:\re\workspace\8-2-build-windows-i586-cygwin\jdk8u51\3951\hotspot\src\share\vm\runtime\sharedRuntime.cpp, line 605]

Events (10 events):
Event: 79.664 Executing VM operation: ChangeSingleStep
Event: 79.664 Executing VM operation: ChangeSingleStep done
Event: 79.665 Executing VM operation: ChangeSingleStep
Event: 79.665 Executing VM operation: ChangeSingleStep done
Event: 79.665 Executing VM operation: GetCurrentLocation
Event: 79.665 Executing VM operation: GetCurrentLocation done
Event: 79.665 Executing VM operation: ChangeSingleStep
Event: 79.665 Executing VM operation: ChangeSingleStep done
Event: 79.665 Executing VM operation: ChangeSingleStep
Event: 79.665 Executing VM operation: ChangeSingleStep done


Dynamic libraries:
0x01290000 - 0x012c3000 	C:\Program Files (x86)\Java\jdk1.8.0_51\bin\javaw.exe
0x77c30000 - 0x77db0000 	C:\Windows\SysWOW64\ntdll.dll
0x75640000 - 0x75750000 	C:\Windows\syswow64\kernel32.dll
0x76000000 - 0x76047000 	C:\Windows\syswow64\KERNELBASE.dll
0x762c0000 - 0x76361000 	C:\Windows\syswow64\ADVAPI32.dll
0x75ab0000 - 0x75b5c000 	C:\Windows\syswow64\msvcrt.dll
0x758c0000 - 0x758d9000 	C:\Windows\SysWOW64\sechost.dll
0x776f0000 - 0x777e0000 	C:\Windows\syswow64\RPCRT4.dll
0x75590000 - 0x755f0000 	C:\Windows\syswow64\SspiCli.dll
0x75580000 - 0x7558c000 	C:\Windows\syswow64\CRYPTBASE.dll
0x75750000 - 0x75850000 	C:\Windows\syswow64\USER32.dll
0x76690000 - 0x76720000 	C:\Windows\syswow64\GDI32.dll
0x75ef0000 - 0x75efa000 	C:\Windows\syswow64\LPK.dll
0x75f60000 - 0x75ffd000 	C:\Windows\syswow64\USP10.dll
0x6f500000 - 0x6f69e000 	C:\Windows\WinSxS\x86_microsoft.windows.common-controls_6595b64144ccf1df_6.0.7601.18837_none_41e855142bd5705d\COMCTL32.dll
0x760f0000 - 0x76147000 	C:\Windows\syswow64\SHLWAPI.dll
0x75850000 - 0x758b0000 	C:\Windows\system32\IMM32.DLL
0x763b0000 - 0x7647c000 	C:\Windows\syswow64\MSCTF.dll
0x6a400000 - 0x6a4bf000 	C:\Program Files (x86)\Java\jdk1.8.0_51\jre\bin\msvcr100.dll
0x62c20000 - 0x62fe0000 	C:\Program Files (x86)\Java\jdk1.8.0_51\jre\bin\client\jvm.dll
0x71020000 - 0x71027000 	C:\Windows\system32\WSOCK32.dll
0x76370000 - 0x763a5000 	C:\Windows\syswow64\WS2_32.dll
0x76050000 - 0x76056000 	C:\Windows\syswow64\NSI.dll
0x713d0000 - 0x71402000 	C:\Windows\system32\WINMM.dll
0x75230000 - 0x75239000 	C:\Windows\system32\VERSION.dll
0x762a0000 - 0x762a5000 	C:\Windows\syswow64\PSAPI.DLL
0x6b0f0000 - 0x6b0fc000 	C:\Program Files (x86)\Java\jdk1.8.0_51\jre\bin\verify.dll
0x6b0c0000 - 0x6b0e1000 	C:\Program Files (x86)\Java\jdk1.8.0_51\jre\bin\java.dll
0x73190000 - 0x731b9000 	C:\Program Files (x86)\Java\jdk1.8.0_51\jre\bin\jdwp.dll
0x73180000 - 0x73187000 	C:\Program Files (x86)\Java\jdk1.8.0_51\jre\bin\npt.dll
0x6b0a0000 - 0x6b0b3000 	C:\Program Files (x86)\Java\jdk1.8.0_51\jre\bin\zip.dll
0x76720000 - 0x7736b000 	C:\Windows\syswow64\SHELL32.dll
0x75d00000 - 0x75e5c000 	C:\Windows\syswow64\ole32.dll
0x76680000 - 0x7668b000 	C:\Windows\syswow64\profapi.dll
0x73170000 - 0x73178000 	C:\Program Files (x86)\Java\jdk1.8.0_51\jre\bin\dt_socket.dll
0x733f0000 - 0x73400000 	C:\Windows\system32\NLAapi.dll
0x733e0000 - 0x733f0000 	C:\Windows\system32\napinsp.dll
0x733c0000 - 0x733d2000 	C:\Windows\system32\pnrpnsp.dll
0x74e60000 - 0x74e9c000 	C:\Windows\System32\mswsock.dll
0x748d0000 - 0x74914000 	C:\Windows\system32\DNSAPI.dll
0x733b0000 - 0x733b8000 	C:\Windows\System32\winrnr.dll
0x733a0000 - 0x733ad000 	C:\Windows\system32\wshbth.dll
0x74c00000 - 0x74c1c000 	C:\Windows\system32\IPHLPAPI.DLL
0x74bf0000 - 0x74bf7000 	C:\Windows\system32\WINNSI.DLL
0x74b80000 - 0x74bb8000 	C:\Windows\System32\fwpuclnt.dll
0x748c0000 - 0x748c6000 	C:\Windows\system32\rasadhlp.dll
0x74e50000 - 0x74e55000 	C:\Windows\System32\wshtcpip.dll
0x623b0000 - 0x623c5000 	C:\Program Files (x86)\Java\jdk1.8.0_51\jre\bin\net.dll
0x74c20000 - 0x74c26000 	C:\Windows\System32\wship6.dll
0x56860000 - 0x5686a000 	C:\Program Files (x86)\Java\jdk1.8.0_51\jre\bin\management.dll
0x56c80000 - 0x56c8f000 	C:\Program Files (x86)\Java\jdk1.8.0_51\jre\bin\nio.dll
0x74e30000 - 0x74e47000 	C:\Windows\system32\CRYPTSP.dll
0x74df0000 - 0x74e2b000 	C:\Windows\system32\rsaenh.dll
0x776d0000 - 0x776e7000 	C:\Windows\syswow64\USERENV.dll
0x74bd0000 - 0x74be2000 	C:\Windows\system32\dhcpcsvc.DLL
0x74bc0000 - 0x74bcd000 	C:\Windows\system32\dhcpcsvc6.DLL
0x569b0000 - 0x569d0000 	C:\Program Files (x86)\Java\jdk1.8.0_51\jre\bin\sunec.dll
0x74ea0000 - 0x74f8b000 	C:\Windows\system32\dbghelp.dll

VM Arguments:
jvm_args: -agentlib:jdwp=transport=dt_socket,suspend=y,address=localhost:49511 -Dfile.encoding=Cp1252 
java_command: org.eclipse.jdt.internal.junit.runner.RemoteTestRunner -version 3 -port 49510 -testLoaderClass org.eclipse.jdt.internal.junit4.runner.JUnit4TestLoader -loaderpluginname org.eclipse.jdt.junit4.runtime -test net.oneandone.incubator.neo.http.sink.HttpSinkTest:testReschedulePersistentQueryWithStillRetryResult
java_class_path (initial): C:\dev\workspace\reactive2\reactive-kafka-example\target\test-classes;C:\dev\workspace\reactive2\reactive-kafka-example\target\classes;C:\Users\grro\.m2\repository\javax\validation\validation-api\1.1.0.Final\validation-api-1.1.0.Final.jar;C:\Users\grro\.m2\repository\javax\ws\rs\javax.ws.rs-api\2.0.1\javax.ws.rs-api-2.0.1.jar;C:\Users\grro\.m2\repository\javax\annotation\javax.annotation-api\1.2\javax.annotation-api-1.2.jar;C:\Users\grro\.m2\repository\javax\mail\mail\1.5.0-b01\mail-1.5.0-b01.jar;C:\Users\grro\.m2\repository\javax\activation\activation\1.1.1\activation-1.1.1.jar;C:\Users\grro\.m2\repository\javax\servlet\javax.servlet-api\3.1.0\javax.servlet-api-3.1.0.jar;C:\Users\grro\.m2\repository\org\springframework\boot\spring-boot-starter-actuator\1.3.0.RELEASE\spring-boot-starter-actuator-1.3.0.RELEASE.jar;C:\Users\grro\.m2\repository\org\springframework\boot\spring-boot-starter\1.3.0.RELEASE\spring-boot-starter-1.3.0.RELEASE.jar;C:\Users\grro\.m2\repository\org\springframework\boot\spring-boot\1.3.0.RELEASE\spring-boot-1.3.0.RELEASE.jar;C:\Users\grro\.m2\repository\org\springframework\spring-core\4.2.3.RELEASE\spring-core-4.2.3.RELEASE.jar;C:\Users\grro\.m2\repository\org\springframework\spring-context\4.2.3.RELEASE\spring-context-4.2.3.RELEASE.jar;C:\Users\grro\.m2\repository\org\springframework\spring-aop\4.2.3.RELEASE\spring-aop-4.2.3.RELEASE.jar;C:\Users\grro\.m2\repository\aopalliance\aopalliance\1.0\aopalliance-1.0.jar;C:\Users\grro\.m2\repository\org\springframework\spring-beans\4.2.3.RELEASE\spring-beans-4.2.3.RELEASE.jar;C:\Users\grro\.m2\repository\org\springframework\spring-expression\4.2.3.RELEASE\spring-expression-4.2.3.RELEASE.jar;C:\Users\grro\.m2\repository\org\springframework\boot\spring-boot-autoconfigure\1.3.0.RELEASE\spring-boot-autoconfigure-1.3.0.RELEASE.jar;C:\Users\grro\.m2\repository\org\springframework\boot\spring-boot-starter-logging\1.3.0.RELEASE\spring-boot-starter-logging-1.3.0.RELEASE.jar;C:\Users\g
Launcher Type: SUN_STANDARD

Environment Variables:
JAVA_HOME=C:\Program Files (x86)\Java\jdk1.8.0_51
PATH=C:\Program Files (x86)\Java\jdk1.8.0_51\jre\bin;C:/Program Files (x86)/Java/jdk1.8.0_51/bin/../jre/bin/client;C:/Program Files (x86)/Java/jdk1.8.0_51/bin/../jre/bin;C:/Program Files (x86)/Java/jdk1.8.0_51/bin/../jre/lib/i386;C:\Program Files (x86)\Java\jdk1.8.0_51\bin;C:\ProgramData\Oracle\Java\javapath;C:\Program Files\Java\jre1.8.0_40\bin;C:\Python27\;C:\Program Files\SlikSvn\bin;C:\Program Files\ImageMagick-6.8.8-Q16;C:\Program Files (x86)\Intel\iCLS Client\;C:\Program Files\Intel\iCLS Client\;C:\Windows\system32;C:\Windows;C:\Windows\System32\Wbem;C:\Windows\System32\WindowsPowerShell\v1.0\;C:\Windows\SysWOW64\Empirum;C:\Program Files\Lenovo\Bluetooth Software\;C:\Program Files\Lenovo\Bluetooth Software\syswow64;C:\Program Files (x86)\Intel\OpenCL SDK\2.0\bin\x86;C:\Program Files (x86)\Intel\OpenCL SDK\2.0\bin\x64;C:\Program Files\Intel\Intel(R) Management Engine Components\DAL;C:\Program Files\Intel\Intel(R) Management Engine Components\IPT;C:\Program Files (x86)\Intel\Intel(R) Management Engine Components\DAL;C:\Program Files (x86)\Intel\Intel(R) Management Engine Components\IPT;C:\Program Files\Intel\WiFi\bin\;C:\Program Files\Common Files\Intel\WirelessCommon\;C:\Tools\apache-maven-3.2.5\bin;C:\cygwin\bin;C:\Python26;C:\Tools\GSC\Scripts;C:\cygwin\bin;C:\Program Files (x86)\PuTTY;C:\Program Files (x86)\scala\\bin;C:\Program Files (x86)\sbt\\bin;C:\java\apache-cassandra-2.0.6\bin;C:\cygwin64\bin;C:\Program Files (x86)\Git\cmd;C:\Program Files\TortoiseSVN\bin;C:\Program Files (x86)\MySQL\MySQL Fabric 1.5 & MySQL Utilities 1.5\;C:\Program Files (x86)\MySQL\MySQL Fabric 1.5 & MySQL Utilities 1.5\Doctrine extensions for PHP\;C:\Program Files\TortoiseGit\bin;C:\Program Files (x86)\GNU\GnuPG\pub;C:\eclipse;
USERNAME=grro
OS=Windows_NT
PROCESSOR_IDENTIFIER=Intel64 Family 6 Model 58 Stepping 9, GenuineIntel



---------------  S Y S T E M  ---------------

OS: Windows 7 , 64 bit Build 7601 (6.1.7601.19110)

CPU:total 4 (2 cores per cpu, 2 threads per core) family 6 model 58 stepping 9, cmov, cx8, fxsr, mmx, sse, sse2, sse3, ssse3, sse4.1, sse4.2, popcnt, avx, aes, clmul, erms, ht, tsc, tscinvbit, tscinv

Memory: 4k page, physical 8258980k(4216940k free), swap 16305888k(11896620k free)

vm_info: Java HotSpot(TM) Client VM (25.51-b03) for windows-x86 JRE (1.8.0_51-b16), built on Jun  8 2015 18:00:23 by "java_re" with MS VC++ 10.0 (VS2010)

time: Fri Feb 05 10:15:50 2016
elapsed time: 79 seconds (0d 0h 1m 19s)

