#
# A fatal error has been detected by the Java Runtime Environment:
#
#  EXCEPTION_ACCESS_VIOLATION (0xc0000005) at pc=0x6ee9a8ed, pid=6888, tid=7924
#
# JRE version: Java(TM) SE Runtime Environment (8.0_51-b16) (build 1.8.0_51-b16)
# Java VM: Java HotSpot(TM) Client VM (25.51-b03 mixed mode windows-x86 )
# Problematic frame:
# V  [jvm.dll+0xca8ed]
#
# Failed to write core dump. Minidumps are not enabled by default on client versions of Windows
#
# If you would like to submit a bug report, please visit:
#   http://bugreport.java.com/bugreport/crash.jsp
#

---------------  T H R E A D  ---------------

Current thread (0x14ea4000):  JavaThread "JDWP Transport Listener: dt_socket" daemon [_thread_in_vm, id=7924, stack(0x152c0000,0x15310000)]

siginfo: ExceptionCode=0xc0000005, reading address 0x3b6e6f00

Registers:
EAX=0x3b6e6f00, EBX=0x00000000, ECX=0x3b6e6f00, EDX=0x00000000
ESP=0x1530f8c8, EBP=0x1530f8cc, ESI=0x14ea4000, EDI=0x008bc830
EIP=0x6ee9a8ed, EFLAGS=0x00010206

Top of Stack: (sp=0x1530f8c8)
0x1530f8c8:   14ea4000 1530f8f4 6eff4b04 3b6e6f00
0x1530f8d8:   1530f9ac 1530f92f 14ea4000 00000000
0x1530f8e8:   00000000 00000000 14ea4000 1530f930
0x1530f8f8:   54479f80 008bc830 3b6e6f00 1530f92f
0x1530f908:   3b6e6f00 5446436d 3b6e6f00 1530f92f
0x1530f918:   00000006 00000000 00000000 00000001
0x1530f928:   00000000 004ff178 1530f950 544644e0
0x1530f938:   00000001 1530f96c 1530f9a8 15fb6770 

Instructions: (pc=0x6ee9a8ed)
0x6ee9a8cd:   5d c3 52 e8 5b f9 ff ff 5d c3 cc cc cc cc cc cc
0x6ee9a8dd:   cc cc cc 55 8b ec 8b 45 08 85 c0 75 02 5d c3 56
0x6ee9a8ed:   8b 30 85 f6 74 17 83 fe 37 74 12 8b 06 8b 50 08
0x6ee9a8fd:   8b ce ff d2 84 c0 74 05 8b c6 5e 5d c3 33 c0 5e 


Register to memory mapping:

EAX=0x3b6e6f00 is an unknown value
EBX=0x00000000 is an unknown value
ECX=0x3b6e6f00 is an unknown value
EDX=0x00000000 is an unknown value
ESP=0x1530f8c8 is pointing into the stack for thread: 0x14ea4000
EBP=0x1530f8cc is pointing into the stack for thread: 0x14ea4000
ESI=0x14ea4000 is a thread
EDI=0x008bc830 is an unknown value


Stack: [0x152c0000,0x15310000],  sp=0x1530f8c8,  free space=318k
Native frames: (J=compiled Java code, j=interpreted, Vv=VM code, C=native code)
V  [jvm.dll+0xca8ed]
V  [jvm.dll+0x224b04]
C  [jdwp.dll+0x19f80]
C  [jdwp.dll+0x44e0]
C  [jdwp.dll+0x451e]
C  0x722f7377


---------------  P R O C E S S  ---------------

Java Threads: ( => current thread )
  0x1716d400 JavaThread "http-nio-5544-exec-1" daemon [_thread_blocked, id=7196, stack(0x1ade0000,0x1ae30000)]
  0x1716cc00 JavaThread "Controller-26884-to-broker-26884-send-thread" [_thread_blocked, id=8908, stack(0x1ac40000,0x1ac90000)]
  0x1716c400 JavaThread "kafka-scheduler-0" daemon [_thread_blocked, id=6240, stack(0x1a9c0000,0x1aa10000)]
  0x1716c000 JavaThread "kafka-scheduler-6" daemon [_thread_blocked, id=6348, stack(0x1a770000,0x1a7c0000)]
  0x1716b800 JavaThread "kafka-scheduler-5" daemon [_thread_blocked, id=8268, stack(0x1a7f0000,0x1a840000)]
  0x1716b400 JavaThread "kafka-request-handler-7" daemon [_thread_blocked, id=4020, stack(0x1a630000,0x1a680000)]
  0x1716ac00 JavaThread "kafka-request-handler-6" daemon [_thread_blocked, id=6324, stack(0x1a190000,0x1a1e0000)]
  0x1716a800 JavaThread "kafka-request-handler-5" daemon [_thread_blocked, id=5188, stack(0x1a070000,0x1a0c0000)]
  0x1716a000 JavaThread "kafka-request-handler-4" daemon [_thread_blocked, id=3888, stack(0x1a560000,0x1a5b0000)]
  0x17106400 JavaThread "kafka-request-handler-3" daemon [_thread_blocked, id=6100, stack(0x1a4a0000,0x1a4f0000)]
  0x17105c00 JavaThread "kafka-request-handler-2" daemon [_thread_blocked, id=6612, stack(0x1a440000,0x1a490000)]
  0x17105800 JavaThread "kafka-request-handler-1" daemon [_thread_blocked, id=8364, stack(0x1a360000,0x1a3b0000)]
  0x17105000 JavaThread "kafka-request-handler-0" daemon [_thread_blocked, id=7300, stack(0x1a0e0000,0x1a130000)]
  0x17104c00 JavaThread "request-expiration-task" [_thread_blocked, id=6360, stack(0x1a230000,0x1a280000)]
  0x17104400 JavaThread "request-expiration-task" [_thread_blocked, id=8796, stack(0x1a130000,0x1a180000)]
  0x17103c00 JavaThread "kafka-scheduler-4" daemon [_thread_blocked, id=2468, stack(0x19ca0000,0x19cf0000)]
  0x17103800 JavaThread "kafka-scheduler-3" daemon [_thread_blocked, id=8092, stack(0x19e50000,0x19ea0000)]
  0x17103000 JavaThread "kafka-socket-acceptor" [_thread_in_native, id=7368, stack(0x19ea0000,0x19ef0000)]
  0x17102c00 JavaThread "kafka-network-thread-8553-2" [_thread_in_native, id=9016, stack(0x19dc0000,0x19e10000)]
  0x170dd400 JavaThread "kafka-network-thread-8553-1" [_thread_in_native, id=7696, stack(0x19d00000,0x19d50000)]
  0x170dcc00 JavaThread "kafka-network-thread-8553-0" [_thread_in_native, id=3824, stack(0x19b80000,0x19bd0000)]
  0x170dc800 JavaThread "metrics-meter-tick-thread-2" daemon [_thread_blocked, id=1516, stack(0x19c10000,0x19c60000)]
  0x170dc000 JavaThread "metrics-meter-tick-thread-1" daemon [_thread_blocked, id=7028, stack(0x18d80000,0x18dd0000)]
  0x170dbc00 JavaThread "kafka-scheduler-2" daemon [_thread_blocked, id=7092, stack(0x19ad0000,0x19b20000)]
  0x16504400 JavaThread "kafka-scheduler-1" daemon [_thread_blocked, id=6388, stack(0x19a00000,0x19a50000)]
  0x16503c00 JavaThread "kafka-scheduler-0" daemon [_thread_blocked, id=8420, stack(0x18dd0000,0x18e20000)]
  0x16503800 JavaThread "main-EventThread" daemon [_thread_blocked, id=6024, stack(0x18470000,0x184c0000)]
  0x16503000 JavaThread "main-SendThread(127.0.0.1:8653)" daemon [_thread_in_native, id=848, stack(0x18ab0000,0x18b00000)]
  0x16502c00 JavaThread "ZkClient-EventThread-27-localhost:8653" daemon [_thread_blocked, id=7680, stack(0x18620000,0x18670000)]
  0x16502400 JavaThread "ProcessThread(sid:0 cport:-1):" [_thread_blocked, id=1652, stack(0x187d0000,0x18820000)]
  0x16502000 JavaThread "SyncThread:0" [_thread_blocked, id=9116, stack(0x18760000,0x187b0000)]
  0x16501800 JavaThread "SessionTracker" [_thread_blocked, id=9056, stack(0x14d10000,0x14d60000)]
  0x16501400 JavaThread "NIOServerCxn.Factory:localhost/127.0.0.1:8653" daemon [_thread_in_native, id=7568, stack(0x185b0000,0x18600000)]
  0x16500c00 JavaThread "http-nio-5544-Acceptor-0" daemon [_thread_in_native, id=716, stack(0x182c0000,0x18310000)]
  0x164fe400 JavaThread "http-nio-5544-ClientPoller-1" daemon [_thread_in_native, id=2840, stack(0x18130000,0x18180000)]
  0x164f8000 JavaThread "http-nio-5544-ClientPoller-0" daemon [_thread_in_native, id=8860, stack(0x17ef0000,0x17f40000)]
  0x164f2400 JavaThread "ContainerBackgroundProcessor[StandardEngine[Tomcat]]" daemon [_thread_blocked, id=8804, stack(0x18050000,0x180a0000)]
  0x164dc000 JavaThread "kafka-producer-network-thread | producer-2" daemon [_thread_in_native, id=8568, stack(0x17f80000,0x17fd0000)]
  0x164d6000 JavaThread "kafka-producer-network-thread | producer-1" daemon [_thread_in_native, id=7100, stack(0x17fe0000,0x18030000)]
  0x16011800 JavaThread "localhost-startStop-1" daemon [_thread_blocked, id=2948, stack(0x16a10000,0x16a60000)]
  0x16015800 JavaThread "Tomcat-startStop-1" daemon [_thread_blocked, id=5296, stack(0x16ac0000,0x16b10000)]
  0x16004800 JavaThread "NioBlockingSelector.BlockPoller-1" daemon [_thread_in_native, id=8180, stack(0x169b0000,0x16a00000)]
  0x15ce4000 JavaThread "ReaderThread" [_thread_in_native, id=7104, stack(0x15d90000,0x15de0000)]
  0x14ed7400 JavaThread "Service Thread" daemon [_thread_blocked, id=7488, stack(0x158f0000,0x15940000)]
  0x14eb0000 JavaThread "C1 CompilerThread0" daemon [_thread_blocked, id=6268, stack(0x15230000,0x15280000)]
  0x14ea7400 JavaThread "JDWP Command Reader" daemon [_thread_in_native, id=8956, stack(0x154b0000,0x15500000)]
  0x14ea6000 JavaThread "JDWP Event Helper Thread" daemon [_thread_blocked, id=7756, stack(0x15660000,0x156b0000)]
=>0x14ea4000 JavaThread "JDWP Transport Listener: dt_socket" daemon [_thread_in_vm, id=7924, stack(0x152c0000,0x15310000)]
  0x14ea3400 JavaThread "Attach Listener" daemon [_thread_blocked, id=8884, stack(0x15140000,0x15190000)]
  0x14ea0400 JavaThread "Signal Dispatcher" daemon [_thread_blocked, id=5440, stack(0x151e0000,0x15230000)]
  0x14e58c00 JavaThread "Finalizer" daemon [_thread_blocked, id=1916, stack(0x04700000,0x04750000)]
  0x14e54000 JavaThread "Reference Handler" daemon [_thread_blocked, id=7340, stack(0x14cb0000,0x14d00000)]
  0x008bf800 JavaThread "main" [_thread_in_native, id=8916, stack(0x023c0000,0x02410000)]

Other Threads:
  0x14e4f400 VMThread [stack: 0x14d70000,0x14dc0000] [id=7544]
  0x14ed8800 WatcherThread [stack: 0x158a0000,0x158f0000] [id=8352]

VM state:not at safepoint (normal execution)

VM Mutex/Monitor currently owned by a thread: None

Heap:
 def new generation   total 10880K, used 3561K [0x04800000, 0x053c0000, 0x09d50000)
  eden space 9728K,  24% used [0x04800000, 0x04a5a5d0, 0x05180000)
  from space 1152K, 100% used [0x052a0000, 0x053c0000, 0x053c0000)
  to   space 1152K,   0% used [0x05180000, 0x05180000, 0x052a0000)
 tenured generation   total 23932K, used 14180K [0x09d50000, 0x0b4af000, 0x14800000)
   the space 23932K,  59% used [0x09d50000, 0x0ab292d8, 0x0ab29400, 0x0b4af000)
 Metaspace       used 20030K, capacity 20261K, committed 20352K, reserved 20864K

Card table byte_map: [0x02300000,0x02390000] byte_map_base: 0x022dc000

Polling page: 0x001b0000

CodeCache: size=32768Kb used=2666Kb max_used=2666Kb free=30101Kb
 bounds [0x026e0000, 0x02980000, 0x046e0000]
 total_blobs=1533 nmethods=1320 adapters=151
 compilation: enabled

Compilation events (10 events):
Event: 9.551 Thread 0x14eb0000 1353  s!         sun.misc.URLClassPath::getLoader (197 bytes)
Event: 9.553 Thread 0x14eb0000 nmethod 1353 0x02977088 code [0x02977300, 0x029784c8]
Event: 9.570 Thread 0x14eb0000 1354             java.util.regex.Pattern$BitClass::isSatisfiedBy (22 bytes)
Event: 9.570 Thread 0x14eb0000 nmethod 1354 0x02979808 code [0x02979900, 0x029799d0]
Event: 13.404 Thread 0x14eb0000 1355             java.lang.Thread::interrupted (8 bytes)
Event: 13.404 Thread 0x14eb0000 nmethod 1355 0x02979a88 code [0x02979b80, 0x02979c1c]
Event: 13.694 Thread 0x14eb0000 1356             java.util.concurrent.locks.ReentrantLock$Sync::tryRelease (45 bytes)
Event: 13.694 Thread 0x14eb0000 nmethod 1356 0x02979cc8 code [0x02979dd0, 0x02979f1c]
Event: 13.733 Thread 0x14eb0000 1357   !         sun.nio.ch.WindowsSelectorImpl$SubSelector::processFDSet (374 bytes)
Event: 13.735 Thread 0x14eb0000 nmethod 1357 0x0297a008 code [0x0297a1c0, 0x0297a9bc]

GC Heap History (10 events):
Event: 9.101 GC heap before
{Heap before GC invocations=150 (full 7):
 def new generation   total 10880K, used 10879K [0x04800000, 0x053c0000, 0x09d50000)
  eden space 9728K, 100% used [0x04800000, 0x05180000, 0x05180000)
  from space 1152K,  99% used [0x05180000, 0x0529ffd8, 0x052a0000)
  to   space 1152K,   0% used [0x052a0000, 0x052a0000, 0x053c0000)
 tenured generation   total 23932K, used 10514K [0x09d50000, 0x0b4af000, 0x14800000)
   the space 23932K,  43% used [0x09d50000, 0x0a794bb8, 0x0a794c00, 0x0b4af000)
 Metaspace       used 17532K, capacity 17760K, committed 17920K, reserved 18816K
Event: 9.105 GC heap after
Heap after GC invocations=151 (full 7):
 def new generation   total 10880K, used 709K [0x04800000, 0x053c0000, 0x09d50000)
  eden space 9728K,   0% used [0x04800000, 0x04800000, 0x05180000)
  from space 1152K,  61% used [0x052a0000, 0x05351768, 0x053c0000)
  to   space 1152K,   0% used [0x05180000, 0x05180000, 0x052a0000)
 tenured generation   total 23932K, used 10797K [0x09d50000, 0x0b4af000, 0x14800000)
   the space 23932K,  45% used [0x09d50000, 0x0a7db548, 0x0a7db600, 0x0b4af000)
 Metaspace       used 17532K, capacity 17760K, committed 17920K, reserved 18816K
}
Event: 9.218 GC heap before
{Heap before GC invocations=151 (full 7):
 def new generation   total 10880K, used 10437K [0x04800000, 0x053c0000, 0x09d50000)
  eden space 9728K, 100% used [0x04800000, 0x05180000, 0x05180000)
  from space 1152K,  61% used [0x052a0000, 0x05351768, 0x053c0000)
  to   space 1152K,   0% used [0x05180000, 0x05180000, 0x052a0000)
 tenured generation   total 23932K, used 10797K [0x09d50000, 0x0b4af000, 0x14800000)
   the space 23932K,  45% used [0x09d50000, 0x0a7db548, 0x0a7db600, 0x0b4af000)
 Metaspace       used 18132K, capacity 18336K, committed 18432K, reserved 18816K
Event: 9.221 GC heap after
Heap after GC invocations=152 (full 7):
 def new generation   total 10880K, used 652K [0x04800000, 0x053c0000, 0x09d50000)
  eden space 9728K,   0% used [0x04800000, 0x04800000, 0x05180000)
  from space 1152K,  56% used [0x05180000, 0x052230d8, 0x052a0000)
  to   space 1152K,   0% used [0x052a0000, 0x052a0000, 0x053c0000)
 tenured generation   total 23932K, used 10927K [0x09d50000, 0x0b4af000, 0x14800000)
   the space 23932K,  45% used [0x09d50000, 0x0a7fbdf0, 0x0a7fbe00, 0x0b4af000)
 Metaspace       used 18132K, capacity 18336K, committed 18432K, reserved 18816K
}
Event: 9.317 GC heap before
{Heap before GC invocations=152 (full 7):
 def new generation   total 10880K, used 10380K [0x04800000, 0x053c0000, 0x09d50000)
  eden space 9728K, 100% used [0x04800000, 0x05180000, 0x05180000)
  from space 1152K,  56% used [0x05180000, 0x052230d8, 0x052a0000)
  to   space 1152K,   0% used [0x052a0000, 0x052a0000, 0x053c0000)
 tenured generation   total 23932K, used 10927K [0x09d50000, 0x0b4af000, 0x14800000)
   the space 23932K,  45% used [0x09d50000, 0x0a7fbdf0, 0x0a7fbe00, 0x0b4af000)
 Metaspace       used 18652K, capacity 18848K, committed 18944K, reserved 19840K
Event: 9.320 GC heap after
Heap after GC invocations=153 (full 7):
 def new generation   total 10880K, used 750K [0x04800000, 0x053c0000, 0x09d50000)
  eden space 9728K,   0% used [0x04800000, 0x04800000, 0x05180000)
  from space 1152K,  65% used [0x052a0000, 0x0535b8b0, 0x053c0000)
  to   space 1152K,   0% used [0x05180000, 0x05180000, 0x052a0000)
 tenured generation   total 23932K, used 11025K [0x09d50000, 0x0b4af000, 0x14800000)
   the space 23932K,  46% used [0x09d50000, 0x0a814540, 0x0a814600, 0x0b4af000)
 Metaspace       used 18652K, capacity 18848K, committed 18944K, reserved 19840K
}
Event: 9.429 GC heap before
{Heap before GC invocations=153 (full 7):
 def new generation   total 10880K, used 10478K [0x04800000, 0x053c0000, 0x09d50000)
  eden space 9728K, 100% used [0x04800000, 0x05180000, 0x05180000)
  from space 1152K,  65% used [0x052a0000, 0x0535b8b0, 0x053c0000)
  to   space 1152K,   0% used [0x05180000, 0x05180000, 0x052a0000)
 tenured generation   total 23932K, used 11025K [0x09d50000, 0x0b4af000, 0x14800000)
   the space 23932K,  46% used [0x09d50000, 0x0a814540, 0x0a814600, 0x0b4af000)
 Metaspace       used 19117K, capacity 19330K, committed 19456K, reserved 19840K
Event: 9.432 GC heap after
Heap after GC invocations=154 (full 7):
 def new generation   total 10880K, used 740K [0x04800000, 0x053c0000, 0x09d50000)
  eden space 9728K,   0% used [0x04800000, 0x04800000, 0x05180000)
  from space 1152K,  64% used [0x05180000, 0x05239390, 0x052a0000)
  to   space 1152K,   0% used [0x052a0000, 0x052a0000, 0x053c0000)
 tenured generation   total 23932K, used 11129K [0x09d50000, 0x0b4af000, 0x14800000)
   the space 23932K,  46% used [0x09d50000, 0x0a82e510, 0x0a82e600, 0x0b4af000)
 Metaspace       used 19117K, capacity 19330K, committed 19456K, reserved 19840K
}
Event: 9.570 GC heap before
{Heap before GC invocations=154 (full 7):
 def new generation   total 10880K, used 10468K [0x04800000, 0x053c0000, 0x09d50000)
  eden space 9728K, 100% used [0x04800000, 0x05180000, 0x05180000)
  from space 1152K,  64% used [0x05180000, 0x05239390, 0x052a0000)
  to   space 1152K,   0% used [0x052a0000, 0x052a0000, 0x053c0000)
 tenured generation   total 23932K, used 11129K [0x09d50000, 0x0b4af000, 0x14800000)
   the space 23932K,  46% used [0x09d50000, 0x0a82e510, 0x0a82e600, 0x0b4af000)
 Metaspace       used 19905K, capacity 20130K, committed 20224K, reserved 20864K
Event: 9.575 GC heap after
Heap after GC invocations=155 (full 7):
 def new generation   total 10880K, used 1152K [0x04800000, 0x053c0000, 0x09d50000)
  eden space 9728K,   0% used [0x04800000, 0x04800000, 0x05180000)
  from space 1152K, 100% used [0x052a0000, 0x053c0000, 0x053c0000)
  to   space 1152K,   0% used [0x05180000, 0x05180000, 0x052a0000)
 tenured generation   total 23932K, used 14180K [0x09d50000, 0x0b4af000, 0x14800000)
   the space 23932K,  59% used [0x09d50000, 0x0ab292d8, 0x0ab29400, 0x0b4af000)
 Metaspace       used 19905K, capacity 20130K, committed 20224K, reserved 20864K
}

Deoptimization events (0 events):
No events

Internal exceptions (10 events):
Event: 6.317 Thread 0x16011800 Exception <a 'java/lang/ArrayIndexOutOfBoundsException'> (0x04b353e0) thrown at [C:\re\workspace\8-2-build-windows-i586-cygwin\jdk8u51\3951\hotspot\src\share\vm\runtime\sharedRuntime.cpp, line 605]
Event: 6.319 Thread 0x16011800 Exception <a 'java/lang/ArrayIndexOutOfBoundsException'> (0x04b60ae8) thrown at [C:\re\workspace\8-2-build-windows-i586-cygwin\jdk8u51\3951\hotspot\src\share\vm\runtime\sharedRuntime.cpp, line 605]
Event: 6.322 Thread 0x16011800 Exception <a 'java/lang/ArrayIndexOutOfBoundsException'> (0x04b8fd78) thrown at [C:\re\workspace\8-2-build-windows-i586-cygwin\jdk8u51\3951\hotspot\src\share\vm\runtime\sharedRuntime.cpp, line 605]
Event: 6.331 Thread 0x16011800 Exception <a 'java/lang/ArrayIndexOutOfBoundsException'> (0x04be9f80) thrown at [C:\re\workspace\8-2-build-windows-i586-cygwin\jdk8u51\3951\hotspot\src\share\vm\runtime\sharedRuntime.cpp, line 605]
Event: 6.519 Thread 0x16011800 Exception <a 'java/io/FileNotFoundException'> (0x04cde548) thrown at [C:\re\workspace\8-2-build-windows-i586-cygwin\jdk8u51\3951\hotspot\src\share\vm\prims\jni.cpp, line 709]
Event: 6.677 Thread 0x16011800 Exception <a 'java/lang/ArrayIndexOutOfBoundsException'> (0x04b32ee8) thrown at [C:\re\workspace\8-2-build-windows-i586-cygwin\jdk8u51\3951\hotspot\src\share\vm\runtime\sharedRuntime.cpp, line 605]
Event: 8.310 Thread 0x16503000 Exception <a 'java/net/ConnectException': Connection refused: no further information> (0x04fa43a0) thrown at [C:\re\workspace\8-2-build-windows-i586-cygwin\jdk8u51\3951\hotspot\src\share\vm\prims\jni.cpp, line 735]
Event: 9.030 Thread 0x008bf800 Exception <a 'java/lang/ClassNotFoundException': com/sun/org/glassfish/hk2/osgiresourcelocator/ServiceLoader> (0x04969040) thrown at [C:\re\workspace\8-2-build-windows-i586-cygwin\jdk8u51\3951\hotspot\src\share\vm\classfile\systemDictionary.cpp, line 210]
Event: 9.120 Thread 0x008bf800 Exception <a 'java/lang/NullPointerException'> (0x0492b7a0) thrown at [C:\re\workspace\8-2-build-windows-i586-cygwin\jdk8u51\3951\hotspot\src\share\vm\interpreter\linkResolver.cpp, line 1280]
Event: 9.291 Thread 0x008bf800 Exception <a 'java/lang/NoClassDefFoundError': org/jvnet/staxex/XMLStreamWriterEx> (0x04f4dd60) thrown at [C:\re\workspace\8-2-build-windows-i586-cygwin\jdk8u51\3951\hotspot\src\share\vm\classfile\systemDictionary.cpp, line 199]

Events (10 events):
Event: 10.479 Executing VM operation: GetOrSetLocal
Event: 10.479 Executing VM operation: GetOrSetLocal done
Event: 10.479 Executing VM operation: GetOrSetLocal
Event: 10.479 Executing VM operation: GetOrSetLocal done
Event: 10.480 Executing VM operation: GetOrSetLocal
Event: 10.480 Executing VM operation: GetOrSetLocal done
Event: 10.481 Executing VM operation: GetOrSetLocal
Event: 10.481 Executing VM operation: GetOrSetLocal done
Event: 13.724 Executing VM operation: RedefineClasses
Event: 13.730 Executing VM operation: RedefineClasses done


Dynamic libraries:
0x00a50000 - 0x00a83000 	C:\Program Files (x86)\Java\jdk1.8.0_51\bin\javaw.exe
0x76f40000 - 0x770c0000 	C:\Windows\SysWOW64\ntdll.dll
0x75d50000 - 0x75e60000 	C:\Windows\syswow64\kernel32.dll
0x75ca0000 - 0x75ce7000 	C:\Windows\syswow64\KERNELBASE.dll
0x74920000 - 0x749c0000 	C:\Windows\syswow64\ADVAPI32.dll
0x755f0000 - 0x7569c000 	C:\Windows\syswow64\msvcrt.dll
0x75c80000 - 0x75c99000 	C:\Windows\SysWOW64\sechost.dll
0x757d0000 - 0x758c0000 	C:\Windows\syswow64\RPCRT4.dll
0x748c0000 - 0x74920000 	C:\Windows\syswow64\SspiCli.dll
0x748b0000 - 0x748bc000 	C:\Windows\syswow64\CRYPTBASE.dll
0x74ef0000 - 0x74ff0000 	C:\Windows\syswow64\USER32.dll
0x76ab0000 - 0x76b40000 	C:\Windows\syswow64\GDI32.dll
0x749d0000 - 0x749da000 	C:\Windows\syswow64\LPK.dll
0x75480000 - 0x7551d000 	C:\Windows\syswow64\USP10.dll
0x6d130000 - 0x6d2ce000 	C:\Windows\WinSxS\x86_microsoft.windows.common-controls_6595b64144ccf1df_6.0.7601.18837_none_41e855142bd5705d\COMCTL32.dll
0x749e0000 - 0x74a37000 	C:\Windows\syswow64\SHLWAPI.dll
0x75cf0000 - 0x75d50000 	C:\Windows\system32\IMM32.DLL
0x75960000 - 0x75a2c000 	C:\Windows\syswow64\MSCTF.dll
0x6f190000 - 0x6f24f000 	C:\Program Files (x86)\Java\jdk1.8.0_51\jre\bin\msvcr100.dll
0x6edd0000 - 0x6f190000 	C:\Program Files (x86)\Java\jdk1.8.0_51\jre\bin\client\jvm.dll
0x72bf0000 - 0x72bf7000 	C:\Windows\system32\WSOCK32.dll
0x755b0000 - 0x755e5000 	C:\Windows\syswow64\WS2_32.dll
0x75470000 - 0x75476000 	C:\Windows\syswow64\NSI.dll
0x70cf0000 - 0x70d22000 	C:\Windows\system32\WINMM.dll
0x74560000 - 0x74569000 	C:\Windows\system32\VERSION.dll
0x752a0000 - 0x752a5000 	C:\Windows\syswow64\PSAPI.DLL
0x6ed60000 - 0x6ed6c000 	C:\Program Files (x86)\Java\jdk1.8.0_51\jre\bin\verify.dll
0x6ed30000 - 0x6ed51000 	C:\Program Files (x86)\Java\jdk1.8.0_51\jre\bin\java.dll
0x54460000 - 0x54489000 	C:\Program Files (x86)\Java\jdk1.8.0_51\jre\bin\jdwp.dll
0x54730000 - 0x54737000 	C:\Program Files (x86)\Java\jdk1.8.0_51\jre\bin\npt.dll
0x6ed10000 - 0x6ed23000 	C:\Program Files (x86)\Java\jdk1.8.0_51\jre\bin\zip.dll
0x75e60000 - 0x76aab000 	C:\Windows\syswow64\SHELL32.dll
0x74d10000 - 0x74e6c000 	C:\Windows\syswow64\ole32.dll
0x752f0000 - 0x752fb000 	C:\Windows\syswow64\profapi.dll
0x5b620000 - 0x5b628000 	C:\Program Files (x86)\Java\jdk1.8.0_51\jre\bin\dt_socket.dll
0x6ecf0000 - 0x6ed00000 	C:\Windows\system32\NLAapi.dll
0x6ece0000 - 0x6ecf0000 	C:\Windows\system32\napinsp.dll
0x6ecc0000 - 0x6ecd2000 	C:\Windows\system32\pnrpnsp.dll
0x74190000 - 0x741cc000 	C:\Windows\System32\mswsock.dll
0x73c00000 - 0x73c44000 	C:\Windows\system32\DNSAPI.dll
0x6ecb0000 - 0x6ecb8000 	C:\Windows\System32\winrnr.dll
0x6eca0000 - 0x6ecad000 	C:\Windows\system32\wshbth.dll
0x73f30000 - 0x73f4c000 	C:\Windows\system32\IPHLPAPI.DLL
0x73f20000 - 0x73f27000 	C:\Windows\system32\WINNSI.DLL
0x73eb0000 - 0x73ee8000 	C:\Windows\System32\fwpuclnt.dll
0x73bf0000 - 0x73bf6000 	C:\Windows\system32\rasadhlp.dll
0x74180000 - 0x74185000 	C:\Windows\System32\wshtcpip.dll
0x52e40000 - 0x52e55000 	C:\Program Files (x86)\Java\jdk1.8.0_51\jre\bin\net.dll
0x73f50000 - 0x73f56000 	C:\Windows\System32\wship6.dll
0x51990000 - 0x5199a000 	C:\Program Files (x86)\Java\jdk1.8.0_51\jre\bin\management.dll
0x52ae0000 - 0x52aef000 	C:\Program Files (x86)\Java\jdk1.8.0_51\jre\bin\nio.dll
0x74160000 - 0x74177000 	C:\Windows\system32\CRYPTSP.dll
0x74120000 - 0x7415b000 	C:\Windows\system32\rsaenh.dll
0x75300000 - 0x75317000 	C:\Windows\syswow64\USERENV.dll
0x73ef0000 - 0x73efd000 	C:\Windows\system32\dhcpcsvc6.DLL
0x73f00000 - 0x73f12000 	C:\Windows\system32\dhcpcsvc.DLL
0x527c0000 - 0x527e0000 	C:\Program Files (x86)\Java\jdk1.8.0_51\jre\bin\sunec.dll
0x741d0000 - 0x742bb000 	C:\Windows\system32\dbghelp.dll

VM Arguments:
jvm_args: -agentlib:jdwp=transport=dt_socket,suspend=y,address=localhost:58111 -Dfile.encoding=Cp1252 
java_command: org.eclipse.jdt.internal.junit.runner.RemoteTestRunner -version 3 -port 58110 -testLoaderClass org.eclipse.jdt.internal.junit4.runner.JUnit4TestLoader -loaderpluginname org.eclipse.jdt.junit4.runtime -classNames net.oneandone.reactive.kafka.rest.KafkaResourceTest
java_class_path (initial): C:\dev\workspace\reactive2\reactive-kafka\target\test-classes;C:\dev\workspace\reactive2\reactive-kafka\target\classes;C:\Users\grro\.m2\repository\javax\activation\activation\1.1.1\activation-1.1.1.jar;C:\Users\grro\.m2\repository\javax\mail\mailapi\1.4.3\mailapi-1.4.3.jar;C:\Users\grro\.m2\repository\javax\ws\rs\javax.ws.rs-api\2.0.1\javax.ws.rs-api-2.0.1.jar;C:\Users\grro\.m2\repository\javax\xml\bind\jaxb-api\2.2.7\jaxb-api-2.2.7.jar;C:\Users\grro\.m2\repository\javax\xml\bind\jsr173_api\1.0\jsr173_api-1.0.jar;C:\dev\workspace\reactive2\reactive-core\target\classes;C:\Users\grro\.m2\repository\com\google\guava\guava\18.0\guava-18.0.jar;C:\Users\grro\.m2\repository\org\reactivestreams\reactive-streams\1.0.0.RC5\reactive-streams-1.0.0.RC5.jar;C:\Users\grro\.m2\repository\org\slf4j\slf4j-api\1.7.12\slf4j-api-1.7.12.jar;C:\Users\grro\.m2\repository\junit\junit\4.12\junit-4.12.jar;C:\Users\grro\.m2\repository\org\hamcrest\hamcrest-core\1.3\hamcrest-core-1.3.jar;C:\Users\grro\.m2\repository\org\apache\kafka\kafka_2.11\0.8.2.2\kafka_2.11-0.8.2.2.jar;C:\Users\grro\.m2\repository\org\scala-lang\modules\scala-xml_2.11\1.0.2\scala-xml_2.11-1.0.2.jar;C:\Users\grro\.m2\repository\org\scala-lang\scala-library\2.11.5\scala-library-2.11.5.jar;C:\Users\grro\.m2\repository\com\yammer\metrics\metrics-core\2.2.0\metrics-core-2.2.0.jar;C:\Users\grro\.m2\repository\net\sf\jopt-simple\jopt-simple\3.2\jopt-simple-3.2.jar;C:\Users\grro\.m2\repository\org\scala-lang\modules\scala-parser-combinators_2.11\1.0.2\scala-parser-combinators_2.11-1.0.2.jar;C:\Users\grro\.m2\repository\com\101tec\zkclient\0.3\zkclient-0.3.jar;C:\Users\grro\.m2\repository\org\apache\zookeeper\zookeeper\3.4.6\zookeeper-3.4.6.jar;C:\Users\grro\.m2\repository\log4j\log4j\1.2.14\log4j-1.2.14.jar;C:\Users\grro\.m2\repository\jline\jline\0.9.94\jline-0.9.94.jar;C:\Users\grro\.m2\repository\org\apache\kafka\kafka-clients\0.8.2.2\kafka-clients-0.8.2.2.jar;C:\Users\grro\.m2\repository\org\xeria
Launcher Type: SUN_STANDARD

Environment Variables:
JAVA_HOME=C:\Program Files (x86)\Java\jdk1.8.0_51
PATH=C:\Program Files (x86)\Java\jdk1.8.0_51\jre\bin;C:/Program Files (x86)/Java/jdk1.8.0_51/bin/../jre/bin/client;C:/Program Files (x86)/Java/jdk1.8.0_51/bin/../jre/bin;C:/Program Files (x86)/Java/jdk1.8.0_51/bin/../jre/lib/i386;C:\Program Files (x86)\Java\jdk1.8.0_51\bin;C:\ProgramData\Oracle\Java\javapath;C:\Program Files\Java\jre1.8.0_40\bin;C:\Python27\;C:\Program Files\SlikSvn\bin;C:\Program Files\ImageMagick-6.8.8-Q16;C:\Program Files (x86)\Intel\iCLS Client\;C:\Program Files\Intel\iCLS Client\;C:\Windows\system32;C:\Windows;C:\Windows\System32\Wbem;C:\Windows\System32\WindowsPowerShell\v1.0\;C:\Windows\SysWOW64\Empirum;C:\Program Files\Lenovo\Bluetooth Software\;C:\Program Files\Lenovo\Bluetooth Software\syswow64;C:\Program Files (x86)\Intel\OpenCL SDK\2.0\bin\x86;C:\Program Files (x86)\Intel\OpenCL SDK\2.0\bin\x64;C:\Program Files\Intel\Intel(R) Management Engine Components\DAL;C:\Program Files\Intel\Intel(R) Management Engine Components\IPT;C:\Program Files (x86)\Intel\Intel(R) Management Engine Components\DAL;C:\Program Files (x86)\Intel\Intel(R) Management Engine Components\IPT;C:\Program Files\Intel\WiFi\bin\;C:\Program Files\Common Files\Intel\WirelessCommon\;C:\Tools\apache-maven-3.2.5\bin;C:\cygwin\bin;C:\Python26;C:\Tools\GSC\Scripts;C:\cygwin\bin;C:\Program Files (x86)\PuTTY;C:\Program Files (x86)\scala\\bin;C:\Program Files (x86)\sbt\\bin;C:\java\apache-cassandra-2.0.6\bin;C:\cygwin64\bin;C:\Program Files (x86)\Git\cmd;C:\Program Files\TortoiseSVN\bin;C:\Program Files\TortoiseGit\bin;C:\Program Files (x86)\MySQL\MySQL Fabric 1.5 & MySQL Utilities 1.5\;C:\Program Files (x86)\MySQL\MySQL Fabric 1.5 & MySQL Utilities 1.5\Doctrine extensions for PHP\;C:\eclipse;
USERNAME=grro
OS=Windows_NT
PROCESSOR_IDENTIFIER=Intel64 Family 6 Model 58 Stepping 9, GenuineIntel



---------------  S Y S T E M  ---------------

OS: Windows 7 , 64 bit Build 7601 (6.1.7601.18933)

CPU:total 4 (2 cores per cpu, 2 threads per core) family 6 model 58 stepping 9, cmov, cx8, fxsr, mmx, sse, sse2, sse3, ssse3, sse4.1, sse4.2, popcnt, avx, aes, clmul, erms, ht, tsc, tscinvbit, tscinv

Memory: 4k page, physical 8258980k(4344452k free), swap 8914644k(4554548k free)

vm_info: Java HotSpot(TM) Client VM (25.51-b03) for windows-x86 JRE (1.8.0_51-b16), built on Jun  8 2015 18:00:23 by "java_re" with MS VC++ 10.0 (VS2010)

time: Mon Oct 12 08:11:02 2015
elapsed time: 13 seconds (0d 0h 0m 13s)

